2020-01-31 11:58:01,063 INFO 12104 [egg-schedule]: register schedule D:\Web前端\高级Nodejs（第二次\nodejs-code\LABIXIAOXIN\server\node_modules\egg-multipart\app\schedule\clean_tmpdir.js
2020-01-31 11:58:01,063 INFO 12104 [egg-schedule]: register schedule D:\Web前端\高级Nodejs（第二次\nodejs-code\LABIXIAOXIN\server\node_modules\egg-logrotator\app\schedule\clean_log.js
2020-01-31 11:58:01,063 INFO 12104 [egg-schedule]: register schedule D:\Web前端\高级Nodejs（第二次\nodejs-code\LABIXIAOXIN\server\node_modules\egg-logrotator\app\schedule\rotate_by_file.js
2020-01-31 11:58:01,235 INFO 2296 [Timer] D:\Web前端\高级Nodejs（第二次\nodejs-code\LABIXIAOXIN\server\node_modules\egg-multipart\app\schedule\clean_tmpdir.js next time will execute after 59518767ms at 2020-02-01 04:30:00.002
2020-01-31 11:58:01,236 INFO 2296 [Timer] D:\Web前端\高级Nodejs（第二次\nodejs-code\LABIXIAOXIN\server\node_modules\egg-logrotator\app\schedule\clean_log.js next time will execute after 43318764ms at 2020-02-01 00:00:00.000
2020-01-31 11:58:01,236 INFO 2296 [Timer] D:\Web前端\高级Nodejs（第二次\nodejs-code\LABIXIAOXIN\server\node_modules\egg-logrotator\app\schedule\rotate_by_file.js next time will execute after 43319764ms at 2020-02-01 00:00:01.000
2020-01-31 11:59:45,158 INFO 5052 [egg-schedule]: register schedule D:\Web前端\高级Nodejs（第二次\nodejs-code\LABIXIAOXIN\server\node_modules\egg-multipart\app\schedule\clean_tmpdir.js
2020-01-31 11:59:45,158 INFO 5052 [egg-schedule]: register schedule D:\Web前端\高级Nodejs（第二次\nodejs-code\LABIXIAOXIN\server\node_modules\egg-logrotator\app\schedule\clean_log.js
2020-01-31 11:59:45,158 INFO 5052 [egg-schedule]: register schedule D:\Web前端\高级Nodejs（第二次\nodejs-code\LABIXIAOXIN\server\node_modules\egg-logrotator\app\schedule\rotate_by_file.js
2020-01-31 12:02:35,841 INFO 9668 [egg-schedule]: register schedule D:\Web前端\高级Nodejs（第二次\nodejs-code\LABIXIAOXIN\server\node_modules\egg-multipart\app\schedule\clean_tmpdir.js
2020-01-31 12:02:35,841 INFO 9668 [egg-schedule]: register schedule D:\Web前端\高级Nodejs（第二次\nodejs-code\LABIXIAOXIN\server\node_modules\egg-logrotator\app\schedule\clean_log.js
2020-01-31 12:02:35,841 INFO 9668 [egg-schedule]: register schedule D:\Web前端\高级Nodejs（第二次\nodejs-code\LABIXIAOXIN\server\node_modules\egg-logrotator\app\schedule\rotate_by_file.js
2020-01-31 12:02:36,014 INFO 14244 [Timer] D:\Web前端\高级Nodejs（第二次\nodejs-code\LABIXIAOXIN\server\node_modules\egg-multipart\app\schedule\clean_tmpdir.js next time will execute after 59243988ms at 2020-02-01 04:30:00.002
2020-01-31 12:02:36,014 INFO 14244 [Timer] D:\Web前端\高级Nodejs（第二次\nodejs-code\LABIXIAOXIN\server\node_modules\egg-logrotator\app\schedule\clean_log.js next time will execute after 43043986ms at 2020-02-01 00:00:00.000
2020-01-31 12:02:36,015 INFO 14244 [Timer] D:\Web前端\高级Nodejs（第二次\nodejs-code\LABIXIAOXIN\server\node_modules\egg-logrotator\app\schedule\rotate_by_file.js next time will execute after 43044986ms at 2020-02-01 00:00:01.001
2020-01-31 12:13:51,598 INFO 972 [egg-schedule]: register schedule D:\Web前端\高级Nodejs（第二次\nodejs-code\LABIXIAOXIN\server\node_modules\egg-multipart\app\schedule\clean_tmpdir.js
2020-01-31 12:13:51,598 INFO 972 [egg-schedule]: register schedule D:\Web前端\高级Nodejs（第二次\nodejs-code\LABIXIAOXIN\server\node_modules\egg-logrotator\app\schedule\clean_log.js
2020-01-31 12:13:51,598 INFO 972 [egg-schedule]: register schedule D:\Web前端\高级Nodejs（第二次\nodejs-code\LABIXIAOXIN\server\node_modules\egg-logrotator\app\schedule\rotate_by_file.js
2020-01-31 12:13:57,317 INFO 2988 [egg-schedule]: register schedule D:\Web前端\高级Nodejs（第二次\nodejs-code\LABIXIAOXIN\server\node_modules\egg-multipart\app\schedule\clean_tmpdir.js
2020-01-31 12:13:57,317 INFO 2988 [egg-schedule]: register schedule D:\Web前端\高级Nodejs（第二次\nodejs-code\LABIXIAOXIN\server\node_modules\egg-logrotator\app\schedule\clean_log.js
2020-01-31 12:13:57,317 INFO 2988 [egg-schedule]: register schedule D:\Web前端\高级Nodejs（第二次\nodejs-code\LABIXIAOXIN\server\node_modules\egg-logrotator\app\schedule\rotate_by_file.js
2020-01-31 12:14:00,893 INFO 8372 [egg-schedule]: register schedule D:\Web前端\高级Nodejs（第二次\nodejs-code\LABIXIAOXIN\server\node_modules\egg-multipart\app\schedule\clean_tmpdir.js
2020-01-31 12:14:00,893 INFO 8372 [egg-schedule]: register schedule D:\Web前端\高级Nodejs（第二次\nodejs-code\LABIXIAOXIN\server\node_modules\egg-logrotator\app\schedule\clean_log.js
2020-01-31 12:14:00,893 INFO 8372 [egg-schedule]: register schedule D:\Web前端\高级Nodejs（第二次\nodejs-code\LABIXIAOXIN\server\node_modules\egg-logrotator\app\schedule\rotate_by_file.js
2020-01-31 12:14:57,780 INFO 9444 [egg-schedule]: register schedule D:\Web前端\高级Nodejs（第二次\nodejs-code\LABIXIAOXIN\server\node_modules\egg-multipart\app\schedule\clean_tmpdir.js
2020-01-31 12:14:57,780 INFO 9444 [egg-schedule]: register schedule D:\Web前端\高级Nodejs（第二次\nodejs-code\LABIXIAOXIN\server\node_modules\egg-logrotator\app\schedule\clean_log.js
2020-01-31 12:14:57,780 INFO 9444 [egg-schedule]: register schedule D:\Web前端\高级Nodejs（第二次\nodejs-code\LABIXIAOXIN\server\node_modules\egg-logrotator\app\schedule\rotate_by_file.js
2020-01-31 12:15:28,560 INFO 11416 [egg-schedule]: register schedule D:\Web前端\高级Nodejs（第二次\nodejs-code\LABIXIAOXIN\server\node_modules\egg-multipart\app\schedule\clean_tmpdir.js
2020-01-31 12:15:28,560 INFO 11416 [egg-schedule]: register schedule D:\Web前端\高级Nodejs（第二次\nodejs-code\LABIXIAOXIN\server\node_modules\egg-logrotator\app\schedule\clean_log.js
2020-01-31 12:15:28,560 INFO 11416 [egg-schedule]: register schedule D:\Web前端\高级Nodejs（第二次\nodejs-code\LABIXIAOXIN\server\node_modules\egg-logrotator\app\schedule\rotate_by_file.js
2020-01-31 12:15:29,732 INFO 6868 [egg-schedule]: register schedule D:\Web前端\高级Nodejs（第二次\nodejs-code\LABIXIAOXIN\server\node_modules\egg-multipart\app\schedule\clean_tmpdir.js
2020-01-31 12:15:29,732 INFO 6868 [egg-schedule]: register schedule D:\Web前端\高级Nodejs（第二次\nodejs-code\LABIXIAOXIN\server\node_modules\egg-logrotator\app\schedule\clean_log.js
2020-01-31 12:15:29,732 INFO 6868 [egg-schedule]: register schedule D:\Web前端\高级Nodejs（第二次\nodejs-code\LABIXIAOXIN\server\node_modules\egg-logrotator\app\schedule\rotate_by_file.js
2020-01-31 12:15:43,841 INFO 8864 [egg-schedule]: register schedule D:\Web前端\高级Nodejs（第二次\nodejs-code\LABIXIAOXIN\server\node_modules\egg-multipart\app\schedule\clean_tmpdir.js
2020-01-31 12:15:43,841 INFO 8864 [egg-schedule]: register schedule D:\Web前端\高级Nodejs（第二次\nodejs-code\LABIXIAOXIN\server\node_modules\egg-logrotator\app\schedule\clean_log.js
2020-01-31 12:15:43,841 INFO 8864 [egg-schedule]: register schedule D:\Web前端\高级Nodejs（第二次\nodejs-code\LABIXIAOXIN\server\node_modules\egg-logrotator\app\schedule\rotate_by_file.js
2020-01-31 12:15:54,870 INFO 10628 [egg-schedule]: register schedule D:\Web前端\高级Nodejs（第二次\nodejs-code\LABIXIAOXIN\server\node_modules\egg-multipart\app\schedule\clean_tmpdir.js
2020-01-31 12:15:54,870 INFO 10628 [egg-schedule]: register schedule D:\Web前端\高级Nodejs（第二次\nodejs-code\LABIXIAOXIN\server\node_modules\egg-logrotator\app\schedule\clean_log.js
2020-01-31 12:15:54,870 INFO 10628 [egg-schedule]: register schedule D:\Web前端\高级Nodejs（第二次\nodejs-code\LABIXIAOXIN\server\node_modules\egg-logrotator\app\schedule\rotate_by_file.js
2020-01-31 12:15:58,444 INFO 868 [egg-schedule]: register schedule D:\Web前端\高级Nodejs（第二次\nodejs-code\LABIXIAOXIN\server\node_modules\egg-multipart\app\schedule\clean_tmpdir.js
2020-01-31 12:15:58,444 INFO 868 [egg-schedule]: register schedule D:\Web前端\高级Nodejs（第二次\nodejs-code\LABIXIAOXIN\server\node_modules\egg-logrotator\app\schedule\clean_log.js
2020-01-31 12:15:58,444 INFO 868 [egg-schedule]: register schedule D:\Web前端\高级Nodejs（第二次\nodejs-code\LABIXIAOXIN\server\node_modules\egg-logrotator\app\schedule\rotate_by_file.js
2020-01-31 12:16:38,288 INFO 8660 [egg-schedule]: register schedule D:\Web前端\高级Nodejs（第二次\nodejs-code\LABIXIAOXIN\server\node_modules\egg-multipart\app\schedule\clean_tmpdir.js
2020-01-31 12:16:38,288 INFO 8660 [egg-schedule]: register schedule D:\Web前端\高级Nodejs（第二次\nodejs-code\LABIXIAOXIN\server\node_modules\egg-logrotator\app\schedule\clean_log.js
2020-01-31 12:16:38,288 INFO 8660 [egg-schedule]: register schedule D:\Web前端\高级Nodejs（第二次\nodejs-code\LABIXIAOXIN\server\node_modules\egg-logrotator\app\schedule\rotate_by_file.js
2020-01-31 12:17:08,985 INFO 5984 [egg-schedule]: register schedule D:\Web前端\高级Nodejs（第二次\nodejs-code\LABIXIAOXIN\server\node_modules\egg-multipart\app\schedule\clean_tmpdir.js
2020-01-31 12:17:08,985 INFO 5984 [egg-schedule]: register schedule D:\Web前端\高级Nodejs（第二次\nodejs-code\LABIXIAOXIN\server\node_modules\egg-logrotator\app\schedule\clean_log.js
2020-01-31 12:17:08,985 INFO 5984 [egg-schedule]: register schedule D:\Web前端\高级Nodejs（第二次\nodejs-code\LABIXIAOXIN\server\node_modules\egg-logrotator\app\schedule\rotate_by_file.js
2020-01-31 12:17:10,160 INFO 12240 [egg-schedule]: register schedule D:\Web前端\高级Nodejs（第二次\nodejs-code\LABIXIAOXIN\server\node_modules\egg-multipart\app\schedule\clean_tmpdir.js
2020-01-31 12:17:10,160 INFO 12240 [egg-schedule]: register schedule D:\Web前端\高级Nodejs（第二次\nodejs-code\LABIXIAOXIN\server\node_modules\egg-logrotator\app\schedule\clean_log.js
2020-01-31 12:17:10,160 INFO 12240 [egg-schedule]: register schedule D:\Web前端\高级Nodejs（第二次\nodejs-code\LABIXIAOXIN\server\node_modules\egg-logrotator\app\schedule\rotate_by_file.js
2020-01-31 12:17:20,708 INFO 11804 [egg-schedule]: register schedule D:\Web前端\高级Nodejs（第二次\nodejs-code\LABIXIAOXIN\server\node_modules\egg-multipart\app\schedule\clean_tmpdir.js
2020-01-31 12:17:20,708 INFO 11804 [egg-schedule]: register schedule D:\Web前端\高级Nodejs（第二次\nodejs-code\LABIXIAOXIN\server\node_modules\egg-logrotator\app\schedule\clean_log.js
2020-01-31 12:17:20,708 INFO 11804 [egg-schedule]: register schedule D:\Web前端\高级Nodejs（第二次\nodejs-code\LABIXIAOXIN\server\node_modules\egg-logrotator\app\schedule\rotate_by_file.js
2020-01-31 12:17:24,131 INFO 13672 [egg-schedule]: register schedule D:\Web前端\高级Nodejs（第二次\nodejs-code\LABIXIAOXIN\server\node_modules\egg-multipart\app\schedule\clean_tmpdir.js
2020-01-31 12:17:24,131 INFO 13672 [egg-schedule]: register schedule D:\Web前端\高级Nodejs（第二次\nodejs-code\LABIXIAOXIN\server\node_modules\egg-logrotator\app\schedule\clean_log.js
2020-01-31 12:17:24,131 INFO 13672 [egg-schedule]: register schedule D:\Web前端\高级Nodejs（第二次\nodejs-code\LABIXIAOXIN\server\node_modules\egg-logrotator\app\schedule\rotate_by_file.js
2020-01-31 12:18:12,558 INFO 9172 [egg-schedule]: register schedule D:\Web前端\高级Nodejs（第二次\nodejs-code\LABIXIAOXIN\server\node_modules\egg-multipart\app\schedule\clean_tmpdir.js
2020-01-31 12:18:12,558 INFO 9172 [egg-schedule]: register schedule D:\Web前端\高级Nodejs（第二次\nodejs-code\LABIXIAOXIN\server\node_modules\egg-logrotator\app\schedule\clean_log.js
2020-01-31 12:18:12,558 INFO 9172 [egg-schedule]: register schedule D:\Web前端\高级Nodejs（第二次\nodejs-code\LABIXIAOXIN\server\node_modules\egg-logrotator\app\schedule\rotate_by_file.js
2020-01-31 12:20:14,536 INFO 1936 [egg-schedule]: register schedule D:\Web前端\高级Nodejs（第二次\nodejs-code\LABIXIAOXIN\server\node_modules\egg-multipart\app\schedule\clean_tmpdir.js
2020-01-31 12:20:14,536 INFO 1936 [egg-schedule]: register schedule D:\Web前端\高级Nodejs（第二次\nodejs-code\LABIXIAOXIN\server\node_modules\egg-logrotator\app\schedule\clean_log.js
2020-01-31 12:20:14,536 INFO 1936 [egg-schedule]: register schedule D:\Web前端\高级Nodejs（第二次\nodejs-code\LABIXIAOXIN\server\node_modules\egg-logrotator\app\schedule\rotate_by_file.js
2020-01-31 12:20:20,497 INFO 14308 [egg-schedule]: register schedule D:\Web前端\高级Nodejs（第二次\nodejs-code\LABIXIAOXIN\server\node_modules\egg-multipart\app\schedule\clean_tmpdir.js
2020-01-31 12:20:20,497 INFO 14308 [egg-schedule]: register schedule D:\Web前端\高级Nodejs（第二次\nodejs-code\LABIXIAOXIN\server\node_modules\egg-logrotator\app\schedule\clean_log.js
2020-01-31 12:20:20,497 INFO 14308 [egg-schedule]: register schedule D:\Web前端\高级Nodejs（第二次\nodejs-code\LABIXIAOXIN\server\node_modules\egg-logrotator\app\schedule\rotate_by_file.js
2020-01-31 12:20:36,531 INFO 9936 [egg-schedule]: register schedule D:\Web前端\高级Nodejs（第二次\nodejs-code\LABIXIAOXIN\server\node_modules\egg-multipart\app\schedule\clean_tmpdir.js
2020-01-31 12:20:36,531 INFO 9936 [egg-schedule]: register schedule D:\Web前端\高级Nodejs（第二次\nodejs-code\LABIXIAOXIN\server\node_modules\egg-logrotator\app\schedule\clean_log.js
2020-01-31 12:20:36,531 INFO 9936 [egg-schedule]: register schedule D:\Web前端\高级Nodejs（第二次\nodejs-code\LABIXIAOXIN\server\node_modules\egg-logrotator\app\schedule\rotate_by_file.js
2020-01-31 12:21:36,523 INFO 11980 [egg-schedule]: register schedule D:\Web前端\高级Nodejs（第二次\nodejs-code\LABIXIAOXIN\server\node_modules\egg-multipart\app\schedule\clean_tmpdir.js
2020-01-31 12:21:36,523 INFO 11980 [egg-schedule]: register schedule D:\Web前端\高级Nodejs（第二次\nodejs-code\LABIXIAOXIN\server\node_modules\egg-logrotator\app\schedule\clean_log.js
2020-01-31 12:21:36,523 INFO 11980 [egg-schedule]: register schedule D:\Web前端\高级Nodejs（第二次\nodejs-code\LABIXIAOXIN\server\node_modules\egg-logrotator\app\schedule\rotate_by_file.js
2020-01-31 12:21:44,995 INFO 11740 [egg-schedule]: register schedule D:\Web前端\高级Nodejs（第二次\nodejs-code\LABIXIAOXIN\server\node_modules\egg-multipart\app\schedule\clean_tmpdir.js
2020-01-31 12:21:44,995 INFO 11740 [egg-schedule]: register schedule D:\Web前端\高级Nodejs（第二次\nodejs-code\LABIXIAOXIN\server\node_modules\egg-logrotator\app\schedule\clean_log.js
2020-01-31 12:21:44,995 INFO 11740 [egg-schedule]: register schedule D:\Web前端\高级Nodejs（第二次\nodejs-code\LABIXIAOXIN\server\node_modules\egg-logrotator\app\schedule\rotate_by_file.js
2020-01-31 12:21:47,460 INFO 11680 [egg-schedule]: register schedule D:\Web前端\高级Nodejs（第二次\nodejs-code\LABIXIAOXIN\server\node_modules\egg-multipart\app\schedule\clean_tmpdir.js
2020-01-31 12:21:47,460 INFO 11680 [egg-schedule]: register schedule D:\Web前端\高级Nodejs（第二次\nodejs-code\LABIXIAOXIN\server\node_modules\egg-logrotator\app\schedule\clean_log.js
2020-01-31 12:21:47,460 INFO 11680 [egg-schedule]: register schedule D:\Web前端\高级Nodejs（第二次\nodejs-code\LABIXIAOXIN\server\node_modules\egg-logrotator\app\schedule\rotate_by_file.js
2020-01-31 12:21:54,958 INFO 13596 [egg-schedule]: register schedule D:\Web前端\高级Nodejs（第二次\nodejs-code\LABIXIAOXIN\server\node_modules\egg-multipart\app\schedule\clean_tmpdir.js
2020-01-31 12:21:54,958 INFO 13596 [egg-schedule]: register schedule D:\Web前端\高级Nodejs（第二次\nodejs-code\LABIXIAOXIN\server\node_modules\egg-logrotator\app\schedule\clean_log.js
2020-01-31 12:21:54,958 INFO 13596 [egg-schedule]: register schedule D:\Web前端\高级Nodejs（第二次\nodejs-code\LABIXIAOXIN\server\node_modules\egg-logrotator\app\schedule\rotate_by_file.js
2020-01-31 12:22:23,260 INFO 8380 [egg-schedule]: register schedule D:\Web前端\高级Nodejs（第二次\nodejs-code\LABIXIAOXIN\server\node_modules\egg-multipart\app\schedule\clean_tmpdir.js
2020-01-31 12:22:23,260 INFO 8380 [egg-schedule]: register schedule D:\Web前端\高级Nodejs（第二次\nodejs-code\LABIXIAOXIN\server\node_modules\egg-logrotator\app\schedule\clean_log.js
2020-01-31 12:22:23,260 INFO 8380 [egg-schedule]: register schedule D:\Web前端\高级Nodejs（第二次\nodejs-code\LABIXIAOXIN\server\node_modules\egg-logrotator\app\schedule\rotate_by_file.js
2020-01-31 12:22:26,311 INFO 13468 [egg-schedule]: register schedule D:\Web前端\高级Nodejs（第二次\nodejs-code\LABIXIAOXIN\server\node_modules\egg-multipart\app\schedule\clean_tmpdir.js
2020-01-31 12:22:26,311 INFO 13468 [egg-schedule]: register schedule D:\Web前端\高级Nodejs（第二次\nodejs-code\LABIXIAOXIN\server\node_modules\egg-logrotator\app\schedule\clean_log.js
2020-01-31 12:22:26,311 INFO 13468 [egg-schedule]: register schedule D:\Web前端\高级Nodejs（第二次\nodejs-code\LABIXIAOXIN\server\node_modules\egg-logrotator\app\schedule\rotate_by_file.js
2020-01-31 12:22:42,880 INFO 9124 [egg-schedule]: register schedule D:\Web前端\高级Nodejs（第二次\nodejs-code\LABIXIAOXIN\server\node_modules\egg-multipart\app\schedule\clean_tmpdir.js
2020-01-31 12:22:42,880 INFO 9124 [egg-schedule]: register schedule D:\Web前端\高级Nodejs（第二次\nodejs-code\LABIXIAOXIN\server\node_modules\egg-logrotator\app\schedule\clean_log.js
2020-01-31 12:22:42,880 INFO 9124 [egg-schedule]: register schedule D:\Web前端\高级Nodejs（第二次\nodejs-code\LABIXIAOXIN\server\node_modules\egg-logrotator\app\schedule\rotate_by_file.js
2020-01-31 12:23:11,148 INFO 12920 [egg-schedule]: register schedule D:\Web前端\高级Nodejs（第二次\nodejs-code\LABIXIAOXIN\server\node_modules\egg-multipart\app\schedule\clean_tmpdir.js
2020-01-31 12:23:11,148 INFO 12920 [egg-schedule]: register schedule D:\Web前端\高级Nodejs（第二次\nodejs-code\LABIXIAOXIN\server\node_modules\egg-logrotator\app\schedule\clean_log.js
2020-01-31 12:23:11,148 INFO 12920 [egg-schedule]: register schedule D:\Web前端\高级Nodejs（第二次\nodejs-code\LABIXIAOXIN\server\node_modules\egg-logrotator\app\schedule\rotate_by_file.js
2020-01-31 12:24:02,077 INFO 4100 [egg-schedule]: register schedule D:\Web前端\高级Nodejs（第二次\nodejs-code\LABIXIAOXIN\server\node_modules\egg-multipart\app\schedule\clean_tmpdir.js
2020-01-31 12:24:02,077 INFO 4100 [egg-schedule]: register schedule D:\Web前端\高级Nodejs（第二次\nodejs-code\LABIXIAOXIN\server\node_modules\egg-logrotator\app\schedule\clean_log.js
2020-01-31 12:24:02,077 INFO 4100 [egg-schedule]: register schedule D:\Web前端\高级Nodejs（第二次\nodejs-code\LABIXIAOXIN\server\node_modules\egg-logrotator\app\schedule\rotate_by_file.js
2020-01-31 12:25:35,282 INFO 7800 [egg-schedule]: register schedule D:\Web前端\高级Nodejs（第二次\nodejs-code\LABIXIAOXIN\server\node_modules\egg-multipart\app\schedule\clean_tmpdir.js
2020-01-31 12:25:35,282 INFO 7800 [egg-schedule]: register schedule D:\Web前端\高级Nodejs（第二次\nodejs-code\LABIXIAOXIN\server\node_modules\egg-logrotator\app\schedule\clean_log.js
2020-01-31 12:25:35,282 INFO 7800 [egg-schedule]: register schedule D:\Web前端\高级Nodejs（第二次\nodejs-code\LABIXIAOXIN\server\node_modules\egg-logrotator\app\schedule\rotate_by_file.js
2020-01-31 12:25:39,611 INFO 13612 [egg-schedule]: register schedule D:\Web前端\高级Nodejs（第二次\nodejs-code\LABIXIAOXIN\server\node_modules\egg-multipart\app\schedule\clean_tmpdir.js
2020-01-31 12:25:39,611 INFO 13612 [egg-schedule]: register schedule D:\Web前端\高级Nodejs（第二次\nodejs-code\LABIXIAOXIN\server\node_modules\egg-logrotator\app\schedule\clean_log.js
2020-01-31 12:25:39,611 INFO 13612 [egg-schedule]: register schedule D:\Web前端\高级Nodejs（第二次\nodejs-code\LABIXIAOXIN\server\node_modules\egg-logrotator\app\schedule\rotate_by_file.js
2020-01-31 12:26:33,216 INFO 9276 [egg-schedule]: register schedule D:\Web前端\高级Nodejs（第二次\nodejs-code\LABIXIAOXIN\server\node_modules\egg-multipart\app\schedule\clean_tmpdir.js
2020-01-31 12:26:33,216 INFO 9276 [egg-schedule]: register schedule D:\Web前端\高级Nodejs（第二次\nodejs-code\LABIXIAOXIN\server\node_modules\egg-logrotator\app\schedule\clean_log.js
2020-01-31 12:26:33,216 INFO 9276 [egg-schedule]: register schedule D:\Web前端\高级Nodejs（第二次\nodejs-code\LABIXIAOXIN\server\node_modules\egg-logrotator\app\schedule\rotate_by_file.js
2020-01-31 12:27:19,257 INFO 13688 [Timer] D:\Web前端\高级Nodejs（第二次\nodejs-code\LABIXIAOXIN\server\node_modules\egg-multipart\app\schedule\clean_tmpdir.js next time will execute after 57760746ms at 2020-02-01 04:30:00.003
2020-01-31 12:27:19,257 INFO 13688 [Timer] D:\Web前端\高级Nodejs（第二次\nodejs-code\LABIXIAOXIN\server\node_modules\egg-logrotator\app\schedule\clean_log.js next time will execute after 41560743ms at 2020-02-01 00:00:00.000
2020-01-31 12:27:19,257 INFO 13688 [Timer] D:\Web前端\高级Nodejs（第二次\nodejs-code\LABIXIAOXIN\server\node_modules\egg-logrotator\app\schedule\rotate_by_file.js next time will execute after 41561743ms at 2020-02-01 00:00:01.000
2020-01-31 12:27:19,047 INFO 11840 [egg-schedule]: register schedule D:\Web前端\高级Nodejs（第二次\nodejs-code\LABIXIAOXIN\server\node_modules\egg-multipart\app\schedule\clean_tmpdir.js
2020-01-31 12:27:19,047 INFO 11840 [egg-schedule]: register schedule D:\Web前端\高级Nodejs（第二次\nodejs-code\LABIXIAOXIN\server\node_modules\egg-logrotator\app\schedule\clean_log.js
2020-01-31 12:27:19,047 INFO 11840 [egg-schedule]: register schedule D:\Web前端\高级Nodejs（第二次\nodejs-code\LABIXIAOXIN\server\node_modules\egg-logrotator\app\schedule\rotate_by_file.js
2020-01-31 12:29:01,896 INFO 4564 [egg-schedule]: register schedule D:\Web前端\高级Nodejs（第二次\nodejs-code\LABIXIAOXIN\server\node_modules\egg-multipart\app\schedule\clean_tmpdir.js
2020-01-31 12:29:01,896 INFO 4564 [egg-schedule]: register schedule D:\Web前端\高级Nodejs（第二次\nodejs-code\LABIXIAOXIN\server\node_modules\egg-logrotator\app\schedule\clean_log.js
2020-01-31 12:29:01,896 INFO 4564 [egg-schedule]: register schedule D:\Web前端\高级Nodejs（第二次\nodejs-code\LABIXIAOXIN\server\node_modules\egg-logrotator\app\schedule\rotate_by_file.js
2020-01-31 12:29:22,146 INFO 13540 [egg-schedule]: register schedule D:\Web前端\高级Nodejs（第二次\nodejs-code\LABIXIAOXIN\server\node_modules\egg-multipart\app\schedule\clean_tmpdir.js
2020-01-31 12:29:22,146 INFO 13540 [egg-schedule]: register schedule D:\Web前端\高级Nodejs（第二次\nodejs-code\LABIXIAOXIN\server\node_modules\egg-logrotator\app\schedule\clean_log.js
2020-01-31 12:29:22,146 INFO 13540 [egg-schedule]: register schedule D:\Web前端\高级Nodejs（第二次\nodejs-code\LABIXIAOXIN\server\node_modules\egg-logrotator\app\schedule\rotate_by_file.js
2020-01-31 12:30:02,167 INFO 4012 [egg-schedule]: register schedule D:\Web前端\高级Nodejs（第二次\nodejs-code\LABIXIAOXIN\server\node_modules\egg-multipart\app\schedule\clean_tmpdir.js
2020-01-31 12:30:02,167 INFO 4012 [egg-schedule]: register schedule D:\Web前端\高级Nodejs（第二次\nodejs-code\LABIXIAOXIN\server\node_modules\egg-logrotator\app\schedule\clean_log.js
2020-01-31 12:30:02,167 INFO 4012 [egg-schedule]: register schedule D:\Web前端\高级Nodejs（第二次\nodejs-code\LABIXIAOXIN\server\node_modules\egg-logrotator\app\schedule\rotate_by_file.js
2020-01-31 12:31:33,952 INFO 4916 [egg-schedule]: register schedule D:\Web前端\高级Nodejs（第二次\nodejs-code\LABIXIAOXIN\server\node_modules\egg-multipart\app\schedule\clean_tmpdir.js
2020-01-31 12:31:33,952 INFO 4916 [egg-schedule]: register schedule D:\Web前端\高级Nodejs（第二次\nodejs-code\LABIXIAOXIN\server\node_modules\egg-logrotator\app\schedule\clean_log.js
2020-01-31 12:31:33,952 INFO 4916 [egg-schedule]: register schedule D:\Web前端\高级Nodejs（第二次\nodejs-code\LABIXIAOXIN\server\node_modules\egg-logrotator\app\schedule\rotate_by_file.js
2020-01-31 12:32:32,128 INFO 7620 [egg-schedule]: register schedule D:\Web前端\高级Nodejs（第二次\nodejs-code\LABIXIAOXIN\server\node_modules\egg-multipart\app\schedule\clean_tmpdir.js
2020-01-31 12:32:32,128 INFO 7620 [egg-schedule]: register schedule D:\Web前端\高级Nodejs（第二次\nodejs-code\LABIXIAOXIN\server\node_modules\egg-logrotator\app\schedule\clean_log.js
2020-01-31 12:32:32,128 INFO 7620 [egg-schedule]: register schedule D:\Web前端\高级Nodejs（第二次\nodejs-code\LABIXIAOXIN\server\node_modules\egg-logrotator\app\schedule\rotate_by_file.js
2020-01-31 12:32:51,864 INFO 1764 [egg-schedule]: register schedule D:\Web前端\高级Nodejs（第二次\nodejs-code\LABIXIAOXIN\server\node_modules\egg-multipart\app\schedule\clean_tmpdir.js
2020-01-31 12:32:51,864 INFO 1764 [egg-schedule]: register schedule D:\Web前端\高级Nodejs（第二次\nodejs-code\LABIXIAOXIN\server\node_modules\egg-logrotator\app\schedule\clean_log.js
2020-01-31 12:32:51,864 INFO 1764 [egg-schedule]: register schedule D:\Web前端\高级Nodejs（第二次\nodejs-code\LABIXIAOXIN\server\node_modules\egg-logrotator\app\schedule\rotate_by_file.js
2020-01-31 12:33:00,577 INFO 11040 [egg-schedule]: register schedule D:\Web前端\高级Nodejs（第二次\nodejs-code\LABIXIAOXIN\server\node_modules\egg-multipart\app\schedule\clean_tmpdir.js
2020-01-31 12:33:00,577 INFO 11040 [egg-schedule]: register schedule D:\Web前端\高级Nodejs（第二次\nodejs-code\LABIXIAOXIN\server\node_modules\egg-logrotator\app\schedule\clean_log.js
2020-01-31 12:33:00,577 INFO 11040 [egg-schedule]: register schedule D:\Web前端\高级Nodejs（第二次\nodejs-code\LABIXIAOXIN\server\node_modules\egg-logrotator\app\schedule\rotate_by_file.js
2020-01-31 12:33:05,163 INFO 7664 [egg-schedule]: register schedule D:\Web前端\高级Nodejs（第二次\nodejs-code\LABIXIAOXIN\server\node_modules\egg-multipart\app\schedule\clean_tmpdir.js
2020-01-31 12:33:05,163 INFO 7664 [egg-schedule]: register schedule D:\Web前端\高级Nodejs（第二次\nodejs-code\LABIXIAOXIN\server\node_modules\egg-logrotator\app\schedule\clean_log.js
2020-01-31 12:33:05,163 INFO 7664 [egg-schedule]: register schedule D:\Web前端\高级Nodejs（第二次\nodejs-code\LABIXIAOXIN\server\node_modules\egg-logrotator\app\schedule\rotate_by_file.js
2020-01-31 12:33:28,207 INFO 8876 [egg-schedule]: register schedule D:\Web前端\高级Nodejs（第二次\nodejs-code\LABIXIAOXIN\server\node_modules\egg-multipart\app\schedule\clean_tmpdir.js
2020-01-31 12:33:28,207 INFO 8876 [egg-schedule]: register schedule D:\Web前端\高级Nodejs（第二次\nodejs-code\LABIXIAOXIN\server\node_modules\egg-logrotator\app\schedule\clean_log.js
2020-01-31 12:33:28,207 INFO 8876 [egg-schedule]: register schedule D:\Web前端\高级Nodejs（第二次\nodejs-code\LABIXIAOXIN\server\node_modules\egg-logrotator\app\schedule\rotate_by_file.js
2020-01-31 12:35:00,259 INFO 6028 [egg-schedule]: register schedule D:\Web前端\高级Nodejs（第二次\nodejs-code\LABIXIAOXIN\server\node_modules\egg-multipart\app\schedule\clean_tmpdir.js
2020-01-31 12:35:00,259 INFO 6028 [egg-schedule]: register schedule D:\Web前端\高级Nodejs（第二次\nodejs-code\LABIXIAOXIN\server\node_modules\egg-logrotator\app\schedule\clean_log.js
2020-01-31 12:35:00,259 INFO 6028 [egg-schedule]: register schedule D:\Web前端\高级Nodejs（第二次\nodejs-code\LABIXIAOXIN\server\node_modules\egg-logrotator\app\schedule\rotate_by_file.js
2020-01-31 12:36:19,512 INFO 13792 [egg-schedule]: register schedule D:\Web前端\高级Nodejs（第二次\nodejs-code\LABIXIAOXIN\server\node_modules\egg-multipart\app\schedule\clean_tmpdir.js
2020-01-31 12:36:19,512 INFO 13792 [egg-schedule]: register schedule D:\Web前端\高级Nodejs（第二次\nodejs-code\LABIXIAOXIN\server\node_modules\egg-logrotator\app\schedule\clean_log.js
2020-01-31 12:36:19,512 INFO 13792 [egg-schedule]: register schedule D:\Web前端\高级Nodejs（第二次\nodejs-code\LABIXIAOXIN\server\node_modules\egg-logrotator\app\schedule\rotate_by_file.js
2020-01-31 12:36:20,772 INFO 13560 [egg-schedule]: register schedule D:\Web前端\高级Nodejs（第二次\nodejs-code\LABIXIAOXIN\server\node_modules\egg-multipart\app\schedule\clean_tmpdir.js
2020-01-31 12:36:20,772 INFO 13560 [egg-schedule]: register schedule D:\Web前端\高级Nodejs（第二次\nodejs-code\LABIXIAOXIN\server\node_modules\egg-logrotator\app\schedule\clean_log.js
2020-01-31 12:36:20,772 INFO 13560 [egg-schedule]: register schedule D:\Web前端\高级Nodejs（第二次\nodejs-code\LABIXIAOXIN\server\node_modules\egg-logrotator\app\schedule\rotate_by_file.js
2020-01-31 12:36:53,941 INFO 10040 [egg-schedule]: register schedule D:\Web前端\高级Nodejs（第二次\nodejs-code\LABIXIAOXIN\server\node_modules\egg-multipart\app\schedule\clean_tmpdir.js
2020-01-31 12:36:53,941 INFO 10040 [egg-schedule]: register schedule D:\Web前端\高级Nodejs（第二次\nodejs-code\LABIXIAOXIN\server\node_modules\egg-logrotator\app\schedule\clean_log.js
2020-01-31 12:36:53,941 INFO 10040 [egg-schedule]: register schedule D:\Web前端\高级Nodejs（第二次\nodejs-code\LABIXIAOXIN\server\node_modules\egg-logrotator\app\schedule\rotate_by_file.js
2020-01-31 12:36:58,413 INFO 13364 [egg-schedule]: register schedule D:\Web前端\高级Nodejs（第二次\nodejs-code\LABIXIAOXIN\server\node_modules\egg-multipart\app\schedule\clean_tmpdir.js
2020-01-31 12:36:58,413 INFO 13364 [egg-schedule]: register schedule D:\Web前端\高级Nodejs（第二次\nodejs-code\LABIXIAOXIN\server\node_modules\egg-logrotator\app\schedule\clean_log.js
2020-01-31 12:36:58,413 INFO 13364 [egg-schedule]: register schedule D:\Web前端\高级Nodejs（第二次\nodejs-code\LABIXIAOXIN\server\node_modules\egg-logrotator\app\schedule\rotate_by_file.js
2020-01-31 12:37:13,075 INFO 7660 [egg-schedule]: register schedule D:\Web前端\高级Nodejs（第二次\nodejs-code\LABIXIAOXIN\server\node_modules\egg-multipart\app\schedule\clean_tmpdir.js
2020-01-31 12:37:13,075 INFO 7660 [egg-schedule]: register schedule D:\Web前端\高级Nodejs（第二次\nodejs-code\LABIXIAOXIN\server\node_modules\egg-logrotator\app\schedule\clean_log.js
2020-01-31 12:37:13,075 INFO 7660 [egg-schedule]: register schedule D:\Web前端\高级Nodejs（第二次\nodejs-code\LABIXIAOXIN\server\node_modules\egg-logrotator\app\schedule\rotate_by_file.js
2020-01-31 12:37:16,124 INFO 13308 [egg-schedule]: register schedule D:\Web前端\高级Nodejs（第二次\nodejs-code\LABIXIAOXIN\server\node_modules\egg-multipart\app\schedule\clean_tmpdir.js
2020-01-31 12:37:16,124 INFO 13308 [egg-schedule]: register schedule D:\Web前端\高级Nodejs（第二次\nodejs-code\LABIXIAOXIN\server\node_modules\egg-logrotator\app\schedule\clean_log.js
2020-01-31 12:37:16,124 INFO 13308 [egg-schedule]: register schedule D:\Web前端\高级Nodejs（第二次\nodejs-code\LABIXIAOXIN\server\node_modules\egg-logrotator\app\schedule\rotate_by_file.js
2020-01-31 12:37:34,007 INFO 14124 [egg-schedule]: register schedule D:\Web前端\高级Nodejs（第二次\nodejs-code\LABIXIAOXIN\server\node_modules\egg-multipart\app\schedule\clean_tmpdir.js
2020-01-31 12:37:34,007 INFO 14124 [egg-schedule]: register schedule D:\Web前端\高级Nodejs（第二次\nodejs-code\LABIXIAOXIN\server\node_modules\egg-logrotator\app\schedule\clean_log.js
2020-01-31 12:37:34,007 INFO 14124 [egg-schedule]: register schedule D:\Web前端\高级Nodejs（第二次\nodejs-code\LABIXIAOXIN\server\node_modules\egg-logrotator\app\schedule\rotate_by_file.js
2020-01-31 12:55:13,893 INFO 3412 [egg-schedule]: register schedule D:\Web前端\高级Nodejs（第二次\nodejs-code\LABIXIAOXIN\server\node_modules\egg-multipart\app\schedule\clean_tmpdir.js
2020-01-31 12:55:13,893 INFO 3412 [egg-schedule]: register schedule D:\Web前端\高级Nodejs（第二次\nodejs-code\LABIXIAOXIN\server\node_modules\egg-logrotator\app\schedule\clean_log.js
2020-01-31 12:55:13,893 INFO 3412 [egg-schedule]: register schedule D:\Web前端\高级Nodejs（第二次\nodejs-code\LABIXIAOXIN\server\node_modules\egg-logrotator\app\schedule\rotate_by_file.js
2020-01-31 13:26:08,357 INFO 5928 [egg-schedule]: register schedule D:\Web前端\高级Nodejs（第二次\nodejs-code\LABIXIAOXIN\server\node_modules\egg-multipart\app\schedule\clean_tmpdir.js
2020-01-31 13:26:08,357 INFO 5928 [egg-schedule]: register schedule D:\Web前端\高级Nodejs（第二次\nodejs-code\LABIXIAOXIN\server\node_modules\egg-logrotator\app\schedule\clean_log.js
2020-01-31 13:26:08,357 INFO 5928 [egg-schedule]: register schedule D:\Web前端\高级Nodejs（第二次\nodejs-code\LABIXIAOXIN\server\node_modules\egg-logrotator\app\schedule\rotate_by_file.js
2020-01-31 13:26:09,673 INFO 13160 [egg-schedule]: register schedule D:\Web前端\高级Nodejs（第二次\nodejs-code\LABIXIAOXIN\server\node_modules\egg-multipart\app\schedule\clean_tmpdir.js
2020-01-31 13:26:09,673 INFO 13160 [egg-schedule]: register schedule D:\Web前端\高级Nodejs（第二次\nodejs-code\LABIXIAOXIN\server\node_modules\egg-logrotator\app\schedule\clean_log.js
2020-01-31 13:26:09,673 INFO 13160 [egg-schedule]: register schedule D:\Web前端\高级Nodejs（第二次\nodejs-code\LABIXIAOXIN\server\node_modules\egg-logrotator\app\schedule\rotate_by_file.js
2020-01-31 13:26:21,326 INFO 13700 [egg-schedule]: register schedule D:\Web前端\高级Nodejs（第二次\nodejs-code\LABIXIAOXIN\server\node_modules\egg-multipart\app\schedule\clean_tmpdir.js
2020-01-31 13:26:21,326 INFO 13700 [egg-schedule]: register schedule D:\Web前端\高级Nodejs（第二次\nodejs-code\LABIXIAOXIN\server\node_modules\egg-logrotator\app\schedule\clean_log.js
2020-01-31 13:26:21,326 INFO 13700 [egg-schedule]: register schedule D:\Web前端\高级Nodejs（第二次\nodejs-code\LABIXIAOXIN\server\node_modules\egg-logrotator\app\schedule\rotate_by_file.js
2020-01-31 13:29:20,263 INFO 4468 [egg-schedule]: register schedule D:\Web前端\高级Nodejs（第二次\nodejs-code\LABIXIAOXIN\server\node_modules\egg-multipart\app\schedule\clean_tmpdir.js
2020-01-31 13:29:20,263 INFO 4468 [egg-schedule]: register schedule D:\Web前端\高级Nodejs（第二次\nodejs-code\LABIXIAOXIN\server\node_modules\egg-logrotator\app\schedule\clean_log.js
2020-01-31 13:29:20,263 INFO 4468 [egg-schedule]: register schedule D:\Web前端\高级Nodejs（第二次\nodejs-code\LABIXIAOXIN\server\node_modules\egg-logrotator\app\schedule\rotate_by_file.js
2020-01-31 13:29:20,462 INFO 14156 [Timer] D:\Web前端\高级Nodejs（第二次\nodejs-code\LABIXIAOXIN\server\node_modules\egg-multipart\app\schedule\clean_tmpdir.js next time will execute after 54039540ms at 2020-02-01 04:30:00.002
2020-01-31 13:29:20,462 INFO 14156 [Timer] D:\Web前端\高级Nodejs（第二次\nodejs-code\LABIXIAOXIN\server\node_modules\egg-logrotator\app\schedule\clean_log.js next time will execute after 37839538ms at 2020-02-01 00:00:00.000
2020-01-31 13:29:20,462 INFO 14156 [Timer] D:\Web前端\高级Nodejs（第二次\nodejs-code\LABIXIAOXIN\server\node_modules\egg-logrotator\app\schedule\rotate_by_file.js next time will execute after 37840538ms at 2020-02-01 00:00:01.000
2020-01-31 13:30:12,613 INFO 12588 [egg-schedule]: register schedule D:\Web前端\高级Nodejs（第二次\nodejs-code\LABIXIAOXIN\server\node_modules\egg-multipart\app\schedule\clean_tmpdir.js
2020-01-31 13:30:12,613 INFO 12588 [egg-schedule]: register schedule D:\Web前端\高级Nodejs（第二次\nodejs-code\LABIXIAOXIN\server\node_modules\egg-logrotator\app\schedule\clean_log.js
2020-01-31 13:30:12,614 INFO 12588 [egg-schedule]: register schedule D:\Web前端\高级Nodejs（第二次\nodejs-code\LABIXIAOXIN\server\node_modules\egg-logrotator\app\schedule\rotate_by_file.js
2020-01-31 13:31:24,540 INFO 8200 [egg-schedule]: register schedule D:\Web前端\高级Nodejs（第二次\nodejs-code\LABIXIAOXIN\server\node_modules\egg-multipart\app\schedule\clean_tmpdir.js
2020-01-31 13:31:24,540 INFO 8200 [egg-schedule]: register schedule D:\Web前端\高级Nodejs（第二次\nodejs-code\LABIXIAOXIN\server\node_modules\egg-logrotator\app\schedule\clean_log.js
2020-01-31 13:31:24,540 INFO 8200 [egg-schedule]: register schedule D:\Web前端\高级Nodejs（第二次\nodejs-code\LABIXIAOXIN\server\node_modules\egg-logrotator\app\schedule\rotate_by_file.js
2020-01-31 13:31:30,119 INFO 14924 [egg-schedule]: register schedule D:\Web前端\高级Nodejs（第二次\nodejs-code\LABIXIAOXIN\server\node_modules\egg-multipart\app\schedule\clean_tmpdir.js
2020-01-31 13:31:30,119 INFO 14924 [egg-schedule]: register schedule D:\Web前端\高级Nodejs（第二次\nodejs-code\LABIXIAOXIN\server\node_modules\egg-logrotator\app\schedule\clean_log.js
2020-01-31 13:31:30,119 INFO 14924 [egg-schedule]: register schedule D:\Web前端\高级Nodejs（第二次\nodejs-code\LABIXIAOXIN\server\node_modules\egg-logrotator\app\schedule\rotate_by_file.js
2020-01-31 13:32:00,883 INFO 13892 [egg-schedule]: register schedule D:\Web前端\高级Nodejs（第二次\nodejs-code\LABIXIAOXIN\server\node_modules\egg-multipart\app\schedule\clean_tmpdir.js
2020-01-31 13:32:00,883 INFO 13892 [egg-schedule]: register schedule D:\Web前端\高级Nodejs（第二次\nodejs-code\LABIXIAOXIN\server\node_modules\egg-logrotator\app\schedule\clean_log.js
2020-01-31 13:32:00,883 INFO 13892 [egg-schedule]: register schedule D:\Web前端\高级Nodejs（第二次\nodejs-code\LABIXIAOXIN\server\node_modules\egg-logrotator\app\schedule\rotate_by_file.js
2020-01-31 13:32:18,203 INFO 5532 [egg-schedule]: register schedule D:\Web前端\高级Nodejs（第二次\nodejs-code\LABIXIAOXIN\server\node_modules\egg-multipart\app\schedule\clean_tmpdir.js
2020-01-31 13:32:18,204 INFO 5532 [egg-schedule]: register schedule D:\Web前端\高级Nodejs（第二次\nodejs-code\LABIXIAOXIN\server\node_modules\egg-logrotator\app\schedule\clean_log.js
2020-01-31 13:32:18,204 INFO 5532 [egg-schedule]: register schedule D:\Web前端\高级Nodejs（第二次\nodejs-code\LABIXIAOXIN\server\node_modules\egg-logrotator\app\schedule\rotate_by_file.js
2020-01-31 13:32:31,468 INFO 15260 [egg-schedule]: register schedule D:\Web前端\高级Nodejs（第二次\nodejs-code\LABIXIAOXIN\server\node_modules\egg-multipart\app\schedule\clean_tmpdir.js
2020-01-31 13:32:31,468 INFO 15260 [egg-schedule]: register schedule D:\Web前端\高级Nodejs（第二次\nodejs-code\LABIXIAOXIN\server\node_modules\egg-logrotator\app\schedule\clean_log.js
2020-01-31 13:32:31,468 INFO 15260 [egg-schedule]: register schedule D:\Web前端\高级Nodejs（第二次\nodejs-code\LABIXIAOXIN\server\node_modules\egg-logrotator\app\schedule\rotate_by_file.js
2020-02-02 20:29:55,044 INFO 15408 [egg-schedule]: register schedule D:\Web前端\高级Nodejs（第二次\nodejs-code\LABIXIAOXIN\server\node_modules\egg-multipart\app\schedule\clean_tmpdir.js
2020-02-02 20:29:55,044 INFO 15408 [egg-schedule]: register schedule D:\Web前端\高级Nodejs（第二次\nodejs-code\LABIXIAOXIN\server\node_modules\egg-logrotator\app\schedule\clean_log.js
2020-02-02 20:29:55,044 INFO 15408 [egg-schedule]: register schedule D:\Web前端\高级Nodejs（第二次\nodejs-code\LABIXIAOXIN\server\node_modules\egg-logrotator\app\schedule\rotate_by_file.js
2020-02-02 20:29:58,967 INFO 15076 [egg-schedule]: register schedule D:\Web前端\高级Nodejs（第二次\nodejs-code\LABIXIAOXIN\server\node_modules\egg-multipart\app\schedule\clean_tmpdir.js
2020-02-02 20:29:58,967 INFO 15076 [egg-schedule]: register schedule D:\Web前端\高级Nodejs（第二次\nodejs-code\LABIXIAOXIN\server\node_modules\egg-logrotator\app\schedule\clean_log.js
2020-02-02 20:29:58,967 INFO 15076 [egg-schedule]: register schedule D:\Web前端\高级Nodejs（第二次\nodejs-code\LABIXIAOXIN\server\node_modules\egg-logrotator\app\schedule\rotate_by_file.js
2020-02-02 20:30:02,843 INFO 18120 [Timer] D:\Web前端\高级Nodejs（第二次\nodejs-code\LABIXIAOXIN\server\node_modules\egg-multipart\app\schedule\clean_tmpdir.js next time will execute after 28797160ms at 2020-02-03 04:30:00.003
2020-02-02 20:30:02,844 INFO 18120 [Timer] D:\Web前端\高级Nodejs（第二次\nodejs-code\LABIXIAOXIN\server\node_modules\egg-logrotator\app\schedule\clean_log.js next time will execute after 12597157ms at 2020-02-03 00:00:00.001
2020-02-02 20:30:02,844 INFO 18120 [Timer] D:\Web前端\高级Nodejs（第二次\nodejs-code\LABIXIAOXIN\server\node_modules\egg-logrotator\app\schedule\rotate_by_file.js next time will execute after 12598156ms at 2020-02-03 00:00:01.000
2020-02-02 20:30:03,811 INFO 17072 [egg-schedule]: register schedule D:\Web前端\高级Nodejs（第二次\nodejs-code\LABIXIAOXIN\server\node_modules\egg-multipart\app\schedule\clean_tmpdir.js
2020-02-02 20:30:03,811 INFO 17072 [egg-schedule]: register schedule D:\Web前端\高级Nodejs（第二次\nodejs-code\LABIXIAOXIN\server\node_modules\egg-logrotator\app\schedule\clean_log.js
2020-02-02 20:30:03,811 INFO 17072 [egg-schedule]: register schedule D:\Web前端\高级Nodejs（第二次\nodejs-code\LABIXIAOXIN\server\node_modules\egg-logrotator\app\schedule\rotate_by_file.js
2020-02-02 20:30:04,987 INFO 968 [egg-schedule]: register schedule D:\Web前端\高级Nodejs（第二次\nodejs-code\LABIXIAOXIN\server\node_modules\egg-multipart\app\schedule\clean_tmpdir.js
2020-02-02 20:30:04,987 INFO 968 [egg-schedule]: register schedule D:\Web前端\高级Nodejs（第二次\nodejs-code\LABIXIAOXIN\server\node_modules\egg-logrotator\app\schedule\clean_log.js
2020-02-02 20:30:04,987 INFO 968 [egg-schedule]: register schedule D:\Web前端\高级Nodejs（第二次\nodejs-code\LABIXIAOXIN\server\node_modules\egg-logrotator\app\schedule\rotate_by_file.js
2020-02-02 20:36:00,602 INFO 12196 [egg-schedule]: register schedule D:\Web前端\高级Nodejs（第二次\nodejs-code\LABIXIAOXIN\server\node_modules\egg-multipart\app\schedule\clean_tmpdir.js
2020-02-02 20:36:00,602 INFO 12196 [egg-schedule]: register schedule D:\Web前端\高级Nodejs（第二次\nodejs-code\LABIXIAOXIN\server\node_modules\egg-logrotator\app\schedule\clean_log.js
2020-02-02 20:36:00,602 INFO 12196 [egg-schedule]: register schedule D:\Web前端\高级Nodejs（第二次\nodejs-code\LABIXIAOXIN\server\node_modules\egg-logrotator\app\schedule\rotate_by_file.js
2020-02-02 20:49:38,297 INFO 19424 [egg-schedule]: register schedule D:\Web前端\高级Nodejs（第二次\nodejs-code\LABIXIAOXIN\server\node_modules\egg-multipart\app\schedule\clean_tmpdir.js
2020-02-02 20:49:38,297 INFO 19424 [egg-schedule]: register schedule D:\Web前端\高级Nodejs（第二次\nodejs-code\LABIXIAOXIN\server\node_modules\egg-logrotator\app\schedule\clean_log.js
2020-02-02 20:49:38,297 INFO 19424 [egg-schedule]: register schedule D:\Web前端\高级Nodejs（第二次\nodejs-code\LABIXIAOXIN\server\node_modules\egg-logrotator\app\schedule\rotate_by_file.js
2020-02-02 20:49:47,145 INFO 13444 [egg-schedule]: register schedule D:\Web前端\高级Nodejs（第二次\nodejs-code\LABIXIAOXIN\server\node_modules\egg-multipart\app\schedule\clean_tmpdir.js
2020-02-02 20:49:47,145 INFO 13444 [egg-schedule]: register schedule D:\Web前端\高级Nodejs（第二次\nodejs-code\LABIXIAOXIN\server\node_modules\egg-logrotator\app\schedule\clean_log.js
2020-02-02 20:49:47,145 INFO 13444 [egg-schedule]: register schedule D:\Web前端\高级Nodejs（第二次\nodejs-code\LABIXIAOXIN\server\node_modules\egg-logrotator\app\schedule\rotate_by_file.js
2020-02-02 20:54:28,081 INFO 18648 [egg-schedule]: register schedule D:\Web前端\高级Nodejs（第二次\nodejs-code\LABIXIAOXIN\server\node_modules\egg-multipart\app\schedule\clean_tmpdir.js
2020-02-02 20:54:28,081 INFO 18648 [egg-schedule]: register schedule D:\Web前端\高级Nodejs（第二次\nodejs-code\LABIXIAOXIN\server\node_modules\egg-logrotator\app\schedule\clean_log.js
2020-02-02 20:54:28,081 INFO 18648 [egg-schedule]: register schedule D:\Web前端\高级Nodejs（第二次\nodejs-code\LABIXIAOXIN\server\node_modules\egg-logrotator\app\schedule\rotate_by_file.js
2020-02-02 20:54:28,289 INFO 8480 [Timer] D:\Web前端\高级Nodejs（第二次\nodejs-code\LABIXIAOXIN\server\node_modules\egg-multipart\app\schedule\clean_tmpdir.js next time will execute after 27331713ms at 2020-02-03 04:30:00.002
2020-02-02 20:54:28,290 INFO 8480 [Timer] D:\Web前端\高级Nodejs（第二次\nodejs-code\LABIXIAOXIN\server\node_modules\egg-logrotator\app\schedule\clean_log.js next time will execute after 11131710ms at 2020-02-03 00:00:00.000
2020-02-02 20:54:28,290 INFO 8480 [Timer] D:\Web前端\高级Nodejs（第二次\nodejs-code\LABIXIAOXIN\server\node_modules\egg-logrotator\app\schedule\rotate_by_file.js next time will execute after 11132710ms at 2020-02-03 00:00:01.000
2020-02-02 20:54:45,984 INFO 8128 [egg-schedule]: register schedule D:\Web前端\高级Nodejs（第二次\nodejs-code\LABIXIAOXIN\server\node_modules\egg-multipart\app\schedule\clean_tmpdir.js
2020-02-02 20:54:45,984 INFO 8128 [egg-schedule]: register schedule D:\Web前端\高级Nodejs（第二次\nodejs-code\LABIXIAOXIN\server\node_modules\egg-logrotator\app\schedule\clean_log.js
2020-02-02 20:54:45,984 INFO 8128 [egg-schedule]: register schedule D:\Web前端\高级Nodejs（第二次\nodejs-code\LABIXIAOXIN\server\node_modules\egg-logrotator\app\schedule\rotate_by_file.js
2020-02-02 20:55:26,507 INFO 11700 [egg-schedule]: register schedule D:\Web前端\高级Nodejs（第二次\nodejs-code\LABIXIAOXIN\server\node_modules\egg-multipart\app\schedule\clean_tmpdir.js
2020-02-02 20:55:26,507 INFO 11700 [egg-schedule]: register schedule D:\Web前端\高级Nodejs（第二次\nodejs-code\LABIXIAOXIN\server\node_modules\egg-logrotator\app\schedule\clean_log.js
2020-02-02 20:55:26,507 INFO 11700 [egg-schedule]: register schedule D:\Web前端\高级Nodejs（第二次\nodejs-code\LABIXIAOXIN\server\node_modules\egg-logrotator\app\schedule\rotate_by_file.js
2020-02-02 20:55:40,599 INFO 3996 [egg-schedule]: register schedule D:\Web前端\高级Nodejs（第二次\nodejs-code\LABIXIAOXIN\server\node_modules\egg-multipart\app\schedule\clean_tmpdir.js
2020-02-02 20:55:40,599 INFO 3996 [egg-schedule]: register schedule D:\Web前端\高级Nodejs（第二次\nodejs-code\LABIXIAOXIN\server\node_modules\egg-logrotator\app\schedule\clean_log.js
2020-02-02 20:55:40,599 INFO 3996 [egg-schedule]: register schedule D:\Web前端\高级Nodejs（第二次\nodejs-code\LABIXIAOXIN\server\node_modules\egg-logrotator\app\schedule\rotate_by_file.js
2020-02-02 20:56:03,881 INFO 2192 [egg-schedule]: register schedule D:\Web前端\高级Nodejs（第二次\nodejs-code\LABIXIAOXIN\server\node_modules\egg-multipart\app\schedule\clean_tmpdir.js
2020-02-02 20:56:03,881 INFO 2192 [egg-schedule]: register schedule D:\Web前端\高级Nodejs（第二次\nodejs-code\LABIXIAOXIN\server\node_modules\egg-logrotator\app\schedule\clean_log.js
2020-02-02 20:56:03,881 INFO 2192 [egg-schedule]: register schedule D:\Web前端\高级Nodejs（第二次\nodejs-code\LABIXIAOXIN\server\node_modules\egg-logrotator\app\schedule\rotate_by_file.js
2020-02-02 20:56:08,570 INFO 19228 [egg-schedule]: register schedule D:\Web前端\高级Nodejs（第二次\nodejs-code\LABIXIAOXIN\server\node_modules\egg-multipart\app\schedule\clean_tmpdir.js
2020-02-02 20:56:08,571 INFO 19228 [egg-schedule]: register schedule D:\Web前端\高级Nodejs（第二次\nodejs-code\LABIXIAOXIN\server\node_modules\egg-logrotator\app\schedule\clean_log.js
2020-02-02 20:56:08,571 INFO 19228 [egg-schedule]: register schedule D:\Web前端\高级Nodejs（第二次\nodejs-code\LABIXIAOXIN\server\node_modules\egg-logrotator\app\schedule\rotate_by_file.js
2020-02-02 20:56:23,693 INFO 2512 [egg-schedule]: register schedule D:\Web前端\高级Nodejs（第二次\nodejs-code\LABIXIAOXIN\server\node_modules\egg-multipart\app\schedule\clean_tmpdir.js
2020-02-02 20:56:23,693 INFO 2512 [egg-schedule]: register schedule D:\Web前端\高级Nodejs（第二次\nodejs-code\LABIXIAOXIN\server\node_modules\egg-logrotator\app\schedule\clean_log.js
2020-02-02 20:56:23,693 INFO 2512 [egg-schedule]: register schedule D:\Web前端\高级Nodejs（第二次\nodejs-code\LABIXIAOXIN\server\node_modules\egg-logrotator\app\schedule\rotate_by_file.js
2020-02-02 20:56:59,117 INFO 888 [egg-schedule]: register schedule D:\Web前端\高级Nodejs（第二次\nodejs-code\LABIXIAOXIN\server\node_modules\egg-multipart\app\schedule\clean_tmpdir.js
2020-02-02 20:56:59,117 INFO 888 [egg-schedule]: register schedule D:\Web前端\高级Nodejs（第二次\nodejs-code\LABIXIAOXIN\server\node_modules\egg-logrotator\app\schedule\clean_log.js
2020-02-02 20:56:59,117 INFO 888 [egg-schedule]: register schedule D:\Web前端\高级Nodejs（第二次\nodejs-code\LABIXIAOXIN\server\node_modules\egg-logrotator\app\schedule\rotate_by_file.js
2020-02-02 20:57:05,082 INFO 18652 [egg-schedule]: register schedule D:\Web前端\高级Nodejs（第二次\nodejs-code\LABIXIAOXIN\server\node_modules\egg-multipart\app\schedule\clean_tmpdir.js
2020-02-02 20:57:05,082 INFO 18652 [egg-schedule]: register schedule D:\Web前端\高级Nodejs（第二次\nodejs-code\LABIXIAOXIN\server\node_modules\egg-logrotator\app\schedule\clean_log.js
2020-02-02 20:57:05,082 INFO 18652 [egg-schedule]: register schedule D:\Web前端\高级Nodejs（第二次\nodejs-code\LABIXIAOXIN\server\node_modules\egg-logrotator\app\schedule\rotate_by_file.js
2020-02-02 20:57:26,861 INFO 336 [egg-schedule]: register schedule D:\Web前端\高级Nodejs（第二次\nodejs-code\LABIXIAOXIN\server\node_modules\egg-multipart\app\schedule\clean_tmpdir.js
2020-02-02 20:57:26,861 INFO 336 [egg-schedule]: register schedule D:\Web前端\高级Nodejs（第二次\nodejs-code\LABIXIAOXIN\server\node_modules\egg-logrotator\app\schedule\clean_log.js
2020-02-02 20:57:26,861 INFO 336 [egg-schedule]: register schedule D:\Web前端\高级Nodejs（第二次\nodejs-code\LABIXIAOXIN\server\node_modules\egg-logrotator\app\schedule\rotate_by_file.js
2020-02-02 20:59:17,436 INFO 1508 [egg-schedule]: register schedule D:\Web前端\高级Nodejs（第二次\nodejs-code\LABIXIAOXIN\server\node_modules\egg-multipart\app\schedule\clean_tmpdir.js
2020-02-02 20:59:17,437 INFO 1508 [egg-schedule]: register schedule D:\Web前端\高级Nodejs（第二次\nodejs-code\LABIXIAOXIN\server\node_modules\egg-logrotator\app\schedule\clean_log.js
2020-02-02 20:59:17,437 INFO 1508 [egg-schedule]: register schedule D:\Web前端\高级Nodejs（第二次\nodejs-code\LABIXIAOXIN\server\node_modules\egg-logrotator\app\schedule\rotate_by_file.js
2020-02-02 20:59:34,375 INFO 4208 [egg-schedule]: register schedule D:\Web前端\高级Nodejs（第二次\nodejs-code\LABIXIAOXIN\server\node_modules\egg-multipart\app\schedule\clean_tmpdir.js
2020-02-02 20:59:34,375 INFO 4208 [egg-schedule]: register schedule D:\Web前端\高级Nodejs（第二次\nodejs-code\LABIXIAOXIN\server\node_modules\egg-logrotator\app\schedule\clean_log.js
2020-02-02 20:59:34,375 INFO 4208 [egg-schedule]: register schedule D:\Web前端\高级Nodejs（第二次\nodejs-code\LABIXIAOXIN\server\node_modules\egg-logrotator\app\schedule\rotate_by_file.js
2020-02-02 21:00:06,172 INFO 19144 [Timer] D:\Web前端\高级Nodejs（第二次\nodejs-code\LABIXIAOXIN\server\node_modules\egg-multipart\app\schedule\clean_tmpdir.js next time will execute after 26993830ms at 2020-02-03 04:30:00.002
2020-02-02 21:00:06,172 INFO 19144 [Timer] D:\Web前端\高级Nodejs（第二次\nodejs-code\LABIXIAOXIN\server\node_modules\egg-logrotator\app\schedule\clean_log.js next time will execute after 10793828ms at 2020-02-03 00:00:00.000
2020-02-02 21:00:06,173 INFO 19144 [Timer] D:\Web前端\高级Nodejs（第二次\nodejs-code\LABIXIAOXIN\server\node_modules\egg-logrotator\app\schedule\rotate_by_file.js next time will execute after 10794828ms at 2020-02-03 00:00:01.001
2020-02-02 21:00:05,965 INFO 8680 [egg-schedule]: register schedule D:\Web前端\高级Nodejs（第二次\nodejs-code\LABIXIAOXIN\server\node_modules\egg-multipart\app\schedule\clean_tmpdir.js
2020-02-02 21:00:05,965 INFO 8680 [egg-schedule]: register schedule D:\Web前端\高级Nodejs（第二次\nodejs-code\LABIXIAOXIN\server\node_modules\egg-logrotator\app\schedule\clean_log.js
2020-02-02 21:00:05,965 INFO 8680 [egg-schedule]: register schedule D:\Web前端\高级Nodejs（第二次\nodejs-code\LABIXIAOXIN\server\node_modules\egg-logrotator\app\schedule\rotate_by_file.js
2020-02-02 21:00:41,409 INFO 8356 [egg-schedule]: register schedule D:\Web前端\高级Nodejs（第二次\nodejs-code\LABIXIAOXIN\server\node_modules\egg-multipart\app\schedule\clean_tmpdir.js
2020-02-02 21:00:41,409 INFO 8356 [egg-schedule]: register schedule D:\Web前端\高级Nodejs（第二次\nodejs-code\LABIXIAOXIN\server\node_modules\egg-logrotator\app\schedule\clean_log.js
2020-02-02 21:00:41,409 INFO 8356 [egg-schedule]: register schedule D:\Web前端\高级Nodejs（第二次\nodejs-code\LABIXIAOXIN\server\node_modules\egg-logrotator\app\schedule\rotate_by_file.js
2020-02-02 21:00:55,965 INFO 9300 [egg-schedule]: register schedule D:\Web前端\高级Nodejs（第二次\nodejs-code\LABIXIAOXIN\server\node_modules\egg-multipart\app\schedule\clean_tmpdir.js
2020-02-02 21:00:55,965 INFO 9300 [egg-schedule]: register schedule D:\Web前端\高级Nodejs（第二次\nodejs-code\LABIXIAOXIN\server\node_modules\egg-logrotator\app\schedule\clean_log.js
2020-02-02 21:00:55,965 INFO 9300 [egg-schedule]: register schedule D:\Web前端\高级Nodejs（第二次\nodejs-code\LABIXIAOXIN\server\node_modules\egg-logrotator\app\schedule\rotate_by_file.js
2020-02-02 21:01:50,469 INFO 2728 [egg-schedule]: register schedule D:\Web前端\高级Nodejs（第二次\nodejs-code\LABIXIAOXIN\server\node_modules\egg-multipart\app\schedule\clean_tmpdir.js
2020-02-02 21:01:50,469 INFO 2728 [egg-schedule]: register schedule D:\Web前端\高级Nodejs（第二次\nodejs-code\LABIXIAOXIN\server\node_modules\egg-logrotator\app\schedule\clean_log.js
2020-02-02 21:01:50,469 INFO 2728 [egg-schedule]: register schedule D:\Web前端\高级Nodejs（第二次\nodejs-code\LABIXIAOXIN\server\node_modules\egg-logrotator\app\schedule\rotate_by_file.js
2020-02-02 21:01:50,657 INFO 88 [Timer] D:\Web前端\高级Nodejs（第二次\nodejs-code\LABIXIAOXIN\server\node_modules\egg-multipart\app\schedule\clean_tmpdir.js next time will execute after 26889345ms at 2020-02-03 04:30:00.002
2020-02-02 21:01:50,657 INFO 88 [Timer] D:\Web前端\高级Nodejs（第二次\nodejs-code\LABIXIAOXIN\server\node_modules\egg-logrotator\app\schedule\clean_log.js next time will execute after 10689343ms at 2020-02-03 00:00:00.000
2020-02-02 21:01:50,657 INFO 88 [Timer] D:\Web前端\高级Nodejs（第二次\nodejs-code\LABIXIAOXIN\server\node_modules\egg-logrotator\app\schedule\rotate_by_file.js next time will execute after 10690343ms at 2020-02-03 00:00:01.000
2020-02-02 21:01:58,172 INFO 768 [egg-schedule]: register schedule D:\Web前端\高级Nodejs（第二次\nodejs-code\LABIXIAOXIN\server\node_modules\egg-multipart\app\schedule\clean_tmpdir.js
2020-02-02 21:01:58,172 INFO 768 [egg-schedule]: register schedule D:\Web前端\高级Nodejs（第二次\nodejs-code\LABIXIAOXIN\server\node_modules\egg-logrotator\app\schedule\clean_log.js
2020-02-02 21:01:58,172 INFO 768 [egg-schedule]: register schedule D:\Web前端\高级Nodejs（第二次\nodejs-code\LABIXIAOXIN\server\node_modules\egg-logrotator\app\schedule\rotate_by_file.js
2020-02-02 21:02:37,222 INFO 5056 [egg-schedule]: register schedule D:\Web前端\高级Nodejs（第二次\nodejs-code\LABIXIAOXIN\server\node_modules\egg-multipart\app\schedule\clean_tmpdir.js
2020-02-02 21:02:37,222 INFO 5056 [egg-schedule]: register schedule D:\Web前端\高级Nodejs（第二次\nodejs-code\LABIXIAOXIN\server\node_modules\egg-logrotator\app\schedule\clean_log.js
2020-02-02 21:02:37,222 INFO 5056 [egg-schedule]: register schedule D:\Web前端\高级Nodejs（第二次\nodejs-code\LABIXIAOXIN\server\node_modules\egg-logrotator\app\schedule\rotate_by_file.js
2020-02-02 21:02:47,418 INFO 19156 [egg-schedule]: register schedule D:\Web前端\高级Nodejs（第二次\nodejs-code\LABIXIAOXIN\server\node_modules\egg-multipart\app\schedule\clean_tmpdir.js
2020-02-02 21:02:47,418 INFO 19156 [egg-schedule]: register schedule D:\Web前端\高级Nodejs（第二次\nodejs-code\LABIXIAOXIN\server\node_modules\egg-logrotator\app\schedule\clean_log.js
2020-02-02 21:02:47,418 INFO 19156 [egg-schedule]: register schedule D:\Web前端\高级Nodejs（第二次\nodejs-code\LABIXIAOXIN\server\node_modules\egg-logrotator\app\schedule\rotate_by_file.js
2020-02-02 21:03:15,920 INFO 2900 [egg-schedule]: register schedule D:\Web前端\高级Nodejs（第二次\nodejs-code\LABIXIAOXIN\server\node_modules\egg-multipart\app\schedule\clean_tmpdir.js
2020-02-02 21:03:15,920 INFO 2900 [egg-schedule]: register schedule D:\Web前端\高级Nodejs（第二次\nodejs-code\LABIXIAOXIN\server\node_modules\egg-logrotator\app\schedule\clean_log.js
2020-02-02 21:03:15,920 INFO 2900 [egg-schedule]: register schedule D:\Web前端\高级Nodejs（第二次\nodejs-code\LABIXIAOXIN\server\node_modules\egg-logrotator\app\schedule\rotate_by_file.js
2020-02-02 21:03:58,990 INFO 14364 [egg-schedule]: register schedule D:\Web前端\高级Nodejs（第二次\nodejs-code\LABIXIAOXIN\server\node_modules\egg-multipart\app\schedule\clean_tmpdir.js
2020-02-02 21:03:58,990 INFO 14364 [egg-schedule]: register schedule D:\Web前端\高级Nodejs（第二次\nodejs-code\LABIXIAOXIN\server\node_modules\egg-logrotator\app\schedule\clean_log.js
2020-02-02 21:03:58,990 INFO 14364 [egg-schedule]: register schedule D:\Web前端\高级Nodejs（第二次\nodejs-code\LABIXIAOXIN\server\node_modules\egg-logrotator\app\schedule\rotate_by_file.js
2020-02-02 21:04:56,194 INFO 15176 [egg-schedule]: register schedule D:\Web前端\高级Nodejs（第二次\nodejs-code\LABIXIAOXIN\server\node_modules\egg-multipart\app\schedule\clean_tmpdir.js
2020-02-02 21:04:56,194 INFO 15176 [egg-schedule]: register schedule D:\Web前端\高级Nodejs（第二次\nodejs-code\LABIXIAOXIN\server\node_modules\egg-logrotator\app\schedule\clean_log.js
2020-02-02 21:04:56,194 INFO 15176 [egg-schedule]: register schedule D:\Web前端\高级Nodejs（第二次\nodejs-code\LABIXIAOXIN\server\node_modules\egg-logrotator\app\schedule\rotate_by_file.js
2020-02-02 21:05:28,174 INFO 7824 [egg-schedule]: register schedule D:\Web前端\高级Nodejs（第二次\nodejs-code\LABIXIAOXIN\server\node_modules\egg-multipart\app\schedule\clean_tmpdir.js
2020-02-02 21:05:28,174 INFO 7824 [egg-schedule]: register schedule D:\Web前端\高级Nodejs（第二次\nodejs-code\LABIXIAOXIN\server\node_modules\egg-logrotator\app\schedule\clean_log.js
2020-02-02 21:05:28,174 INFO 7824 [egg-schedule]: register schedule D:\Web前端\高级Nodejs（第二次\nodejs-code\LABIXIAOXIN\server\node_modules\egg-logrotator\app\schedule\rotate_by_file.js
2020-02-02 21:06:24,378 INFO 4964 [egg-schedule]: register schedule D:\Web前端\高级Nodejs（第二次\nodejs-code\LABIXIAOXIN\server\node_modules\egg-multipart\app\schedule\clean_tmpdir.js
2020-02-02 21:06:24,378 INFO 4964 [egg-schedule]: register schedule D:\Web前端\高级Nodejs（第二次\nodejs-code\LABIXIAOXIN\server\node_modules\egg-logrotator\app\schedule\clean_log.js
2020-02-02 21:06:24,378 INFO 4964 [egg-schedule]: register schedule D:\Web前端\高级Nodejs（第二次\nodejs-code\LABIXIAOXIN\server\node_modules\egg-logrotator\app\schedule\rotate_by_file.js
2020-02-02 21:06:30,928 INFO 2208 [egg-schedule]: register schedule D:\Web前端\高级Nodejs（第二次\nodejs-code\LABIXIAOXIN\server\node_modules\egg-multipart\app\schedule\clean_tmpdir.js
2020-02-02 21:06:30,928 INFO 2208 [egg-schedule]: register schedule D:\Web前端\高级Nodejs（第二次\nodejs-code\LABIXIAOXIN\server\node_modules\egg-logrotator\app\schedule\clean_log.js
2020-02-02 21:06:30,928 INFO 2208 [egg-schedule]: register schedule D:\Web前端\高级Nodejs（第二次\nodejs-code\LABIXIAOXIN\server\node_modules\egg-logrotator\app\schedule\rotate_by_file.js
2020-02-02 21:06:42,526 INFO 19140 [egg-schedule]: register schedule D:\Web前端\高级Nodejs（第二次\nodejs-code\LABIXIAOXIN\server\node_modules\egg-multipart\app\schedule\clean_tmpdir.js
2020-02-02 21:06:42,526 INFO 19140 [egg-schedule]: register schedule D:\Web前端\高级Nodejs（第二次\nodejs-code\LABIXIAOXIN\server\node_modules\egg-logrotator\app\schedule\clean_log.js
2020-02-02 21:06:42,526 INFO 19140 [egg-schedule]: register schedule D:\Web前端\高级Nodejs（第二次\nodejs-code\LABIXIAOXIN\server\node_modules\egg-logrotator\app\schedule\rotate_by_file.js
2020-02-02 21:06:45,553 INFO 18472 [egg-schedule]: register schedule D:\Web前端\高级Nodejs（第二次\nodejs-code\LABIXIAOXIN\server\node_modules\egg-multipart\app\schedule\clean_tmpdir.js
2020-02-02 21:06:45,553 INFO 18472 [egg-schedule]: register schedule D:\Web前端\高级Nodejs（第二次\nodejs-code\LABIXIAOXIN\server\node_modules\egg-logrotator\app\schedule\clean_log.js
2020-02-02 21:06:45,553 INFO 18472 [egg-schedule]: register schedule D:\Web前端\高级Nodejs（第二次\nodejs-code\LABIXIAOXIN\server\node_modules\egg-logrotator\app\schedule\rotate_by_file.js
2020-02-02 21:06:49,289 INFO 17024 [egg-schedule]: register schedule D:\Web前端\高级Nodejs（第二次\nodejs-code\LABIXIAOXIN\server\node_modules\egg-multipart\app\schedule\clean_tmpdir.js
2020-02-02 21:06:49,289 INFO 17024 [egg-schedule]: register schedule D:\Web前端\高级Nodejs（第二次\nodejs-code\LABIXIAOXIN\server\node_modules\egg-logrotator\app\schedule\clean_log.js
2020-02-02 21:06:49,290 INFO 17024 [egg-schedule]: register schedule D:\Web前端\高级Nodejs（第二次\nodejs-code\LABIXIAOXIN\server\node_modules\egg-logrotator\app\schedule\rotate_by_file.js
2020-02-02 21:07:01,263 INFO 19060 [egg-schedule]: register schedule D:\Web前端\高级Nodejs（第二次\nodejs-code\LABIXIAOXIN\server\node_modules\egg-multipart\app\schedule\clean_tmpdir.js
2020-02-02 21:07:01,263 INFO 19060 [egg-schedule]: register schedule D:\Web前端\高级Nodejs（第二次\nodejs-code\LABIXIAOXIN\server\node_modules\egg-logrotator\app\schedule\clean_log.js
2020-02-02 21:07:01,263 INFO 19060 [egg-schedule]: register schedule D:\Web前端\高级Nodejs（第二次\nodejs-code\LABIXIAOXIN\server\node_modules\egg-logrotator\app\schedule\rotate_by_file.js
2020-02-02 21:07:08,477 INFO 7436 [egg-schedule]: register schedule D:\Web前端\高级Nodejs（第二次\nodejs-code\LABIXIAOXIN\server\node_modules\egg-multipart\app\schedule\clean_tmpdir.js
2020-02-02 21:07:08,477 INFO 7436 [egg-schedule]: register schedule D:\Web前端\高级Nodejs（第二次\nodejs-code\LABIXIAOXIN\server\node_modules\egg-logrotator\app\schedule\clean_log.js
2020-02-02 21:07:08,477 INFO 7436 [egg-schedule]: register schedule D:\Web前端\高级Nodejs（第二次\nodejs-code\LABIXIAOXIN\server\node_modules\egg-logrotator\app\schedule\rotate_by_file.js
2020-02-02 21:07:38,908 INFO 11856 [egg-schedule]: register schedule D:\Web前端\高级Nodejs（第二次\nodejs-code\LABIXIAOXIN\server\node_modules\egg-multipart\app\schedule\clean_tmpdir.js
2020-02-02 21:07:38,908 INFO 11856 [egg-schedule]: register schedule D:\Web前端\高级Nodejs（第二次\nodejs-code\LABIXIAOXIN\server\node_modules\egg-logrotator\app\schedule\clean_log.js
2020-02-02 21:07:38,908 INFO 11856 [egg-schedule]: register schedule D:\Web前端\高级Nodejs（第二次\nodejs-code\LABIXIAOXIN\server\node_modules\egg-logrotator\app\schedule\rotate_by_file.js
2020-02-02 21:08:17,021 INFO 18400 [egg-schedule]: register schedule D:\Web前端\高级Nodejs（第二次\nodejs-code\LABIXIAOXIN\server\node_modules\egg-multipart\app\schedule\clean_tmpdir.js
2020-02-02 21:08:17,021 INFO 18400 [egg-schedule]: register schedule D:\Web前端\高级Nodejs（第二次\nodejs-code\LABIXIAOXIN\server\node_modules\egg-logrotator\app\schedule\clean_log.js
2020-02-02 21:08:17,021 INFO 18400 [egg-schedule]: register schedule D:\Web前端\高级Nodejs（第二次\nodejs-code\LABIXIAOXIN\server\node_modules\egg-logrotator\app\schedule\rotate_by_file.js
2020-02-02 21:08:31,181 INFO 7060 [egg-schedule]: register schedule D:\Web前端\高级Nodejs（第二次\nodejs-code\LABIXIAOXIN\server\node_modules\egg-multipart\app\schedule\clean_tmpdir.js
2020-02-02 21:08:31,181 INFO 7060 [egg-schedule]: register schedule D:\Web前端\高级Nodejs（第二次\nodejs-code\LABIXIAOXIN\server\node_modules\egg-logrotator\app\schedule\clean_log.js
2020-02-02 21:08:31,181 INFO 7060 [egg-schedule]: register schedule D:\Web前端\高级Nodejs（第二次\nodejs-code\LABIXIAOXIN\server\node_modules\egg-logrotator\app\schedule\rotate_by_file.js
2020-02-02 21:08:56,505 INFO 8064 [egg-schedule]: register schedule D:\Web前端\高级Nodejs（第二次\nodejs-code\LABIXIAOXIN\server\node_modules\egg-multipart\app\schedule\clean_tmpdir.js
2020-02-02 21:08:56,505 INFO 8064 [egg-schedule]: register schedule D:\Web前端\高级Nodejs（第二次\nodejs-code\LABIXIAOXIN\server\node_modules\egg-logrotator\app\schedule\clean_log.js
2020-02-02 21:08:56,505 INFO 8064 [egg-schedule]: register schedule D:\Web前端\高级Nodejs（第二次\nodejs-code\LABIXIAOXIN\server\node_modules\egg-logrotator\app\schedule\rotate_by_file.js
2020-02-02 21:09:18,446 INFO 14516 [egg-schedule]: register schedule D:\Web前端\高级Nodejs（第二次\nodejs-code\LABIXIAOXIN\server\node_modules\egg-multipart\app\schedule\clean_tmpdir.js
2020-02-02 21:09:18,446 INFO 14516 [egg-schedule]: register schedule D:\Web前端\高级Nodejs（第二次\nodejs-code\LABIXIAOXIN\server\node_modules\egg-logrotator\app\schedule\clean_log.js
2020-02-02 21:09:18,446 INFO 14516 [egg-schedule]: register schedule D:\Web前端\高级Nodejs（第二次\nodejs-code\LABIXIAOXIN\server\node_modules\egg-logrotator\app\schedule\rotate_by_file.js
2020-02-02 21:10:14,037 INFO 9796 [egg-schedule]: register schedule D:\Web前端\高级Nodejs（第二次\nodejs-code\LABIXIAOXIN\server\node_modules\egg-multipart\app\schedule\clean_tmpdir.js
2020-02-02 21:10:14,037 INFO 9796 [egg-schedule]: register schedule D:\Web前端\高级Nodejs（第二次\nodejs-code\LABIXIAOXIN\server\node_modules\egg-logrotator\app\schedule\clean_log.js
2020-02-02 21:10:14,037 INFO 9796 [egg-schedule]: register schedule D:\Web前端\高级Nodejs（第二次\nodejs-code\LABIXIAOXIN\server\node_modules\egg-logrotator\app\schedule\rotate_by_file.js
2020-02-02 21:11:28,204 INFO 19212 [egg-schedule]: register schedule D:\Web前端\高级Nodejs（第二次\nodejs-code\LABIXIAOXIN\server\node_modules\egg-multipart\app\schedule\clean_tmpdir.js
2020-02-02 21:11:28,204 INFO 19212 [egg-schedule]: register schedule D:\Web前端\高级Nodejs（第二次\nodejs-code\LABIXIAOXIN\server\node_modules\egg-logrotator\app\schedule\clean_log.js
2020-02-02 21:11:28,204 INFO 19212 [egg-schedule]: register schedule D:\Web前端\高级Nodejs（第二次\nodejs-code\LABIXIAOXIN\server\node_modules\egg-logrotator\app\schedule\rotate_by_file.js
2020-02-02 21:11:29,618 INFO 16564 [egg-schedule]: register schedule D:\Web前端\高级Nodejs（第二次\nodejs-code\LABIXIAOXIN\server\node_modules\egg-multipart\app\schedule\clean_tmpdir.js
2020-02-02 21:11:29,618 INFO 16564 [egg-schedule]: register schedule D:\Web前端\高级Nodejs（第二次\nodejs-code\LABIXIAOXIN\server\node_modules\egg-logrotator\app\schedule\clean_log.js
2020-02-02 21:11:29,618 INFO 16564 [egg-schedule]: register schedule D:\Web前端\高级Nodejs（第二次\nodejs-code\LABIXIAOXIN\server\node_modules\egg-logrotator\app\schedule\rotate_by_file.js
2020-02-02 21:12:59,317 INFO 18600 [egg-schedule]: register schedule D:\Web前端\高级Nodejs（第二次\nodejs-code\LABIXIAOXIN\server\node_modules\egg-multipart\app\schedule\clean_tmpdir.js
2020-02-02 21:12:59,317 INFO 18600 [egg-schedule]: register schedule D:\Web前端\高级Nodejs（第二次\nodejs-code\LABIXIAOXIN\server\node_modules\egg-logrotator\app\schedule\clean_log.js
2020-02-02 21:12:59,317 INFO 18600 [egg-schedule]: register schedule D:\Web前端\高级Nodejs（第二次\nodejs-code\LABIXIAOXIN\server\node_modules\egg-logrotator\app\schedule\rotate_by_file.js
2020-02-02 21:13:32,219 INFO 15028 [egg-schedule]: register schedule D:\Web前端\高级Nodejs（第二次\nodejs-code\LABIXIAOXIN\server\node_modules\egg-multipart\app\schedule\clean_tmpdir.js
2020-02-02 21:13:32,219 INFO 15028 [egg-schedule]: register schedule D:\Web前端\高级Nodejs（第二次\nodejs-code\LABIXIAOXIN\server\node_modules\egg-logrotator\app\schedule\clean_log.js
2020-02-02 21:13:32,219 INFO 15028 [egg-schedule]: register schedule D:\Web前端\高级Nodejs（第二次\nodejs-code\LABIXIAOXIN\server\node_modules\egg-logrotator\app\schedule\rotate_by_file.js
2020-02-02 21:14:11,714 INFO 10488 [egg-schedule]: register schedule D:\Web前端\高级Nodejs（第二次\nodejs-code\LABIXIAOXIN\server\node_modules\egg-multipart\app\schedule\clean_tmpdir.js
2020-02-02 21:14:11,714 INFO 10488 [egg-schedule]: register schedule D:\Web前端\高级Nodejs（第二次\nodejs-code\LABIXIAOXIN\server\node_modules\egg-logrotator\app\schedule\clean_log.js
2020-02-02 21:14:11,714 INFO 10488 [egg-schedule]: register schedule D:\Web前端\高级Nodejs（第二次\nodejs-code\LABIXIAOXIN\server\node_modules\egg-logrotator\app\schedule\rotate_by_file.js
2020-02-02 21:14:36,783 INFO 2428 [egg-schedule]: register schedule D:\Web前端\高级Nodejs（第二次\nodejs-code\LABIXIAOXIN\server\node_modules\egg-multipart\app\schedule\clean_tmpdir.js
2020-02-02 21:14:36,783 INFO 2428 [egg-schedule]: register schedule D:\Web前端\高级Nodejs（第二次\nodejs-code\LABIXIAOXIN\server\node_modules\egg-logrotator\app\schedule\clean_log.js
2020-02-02 21:14:36,783 INFO 2428 [egg-schedule]: register schedule D:\Web前端\高级Nodejs（第二次\nodejs-code\LABIXIAOXIN\server\node_modules\egg-logrotator\app\schedule\rotate_by_file.js
2020-02-02 21:14:52,466 INFO 17120 [egg-schedule]: register schedule D:\Web前端\高级Nodejs（第二次\nodejs-code\LABIXIAOXIN\server\node_modules\egg-multipart\app\schedule\clean_tmpdir.js
2020-02-02 21:14:52,466 INFO 17120 [egg-schedule]: register schedule D:\Web前端\高级Nodejs（第二次\nodejs-code\LABIXIAOXIN\server\node_modules\egg-logrotator\app\schedule\clean_log.js
2020-02-02 21:14:52,466 INFO 17120 [egg-schedule]: register schedule D:\Web前端\高级Nodejs（第二次\nodejs-code\LABIXIAOXIN\server\node_modules\egg-logrotator\app\schedule\rotate_by_file.js
2020-02-02 21:14:57,319 INFO 16528 [egg-schedule]: register schedule D:\Web前端\高级Nodejs（第二次\nodejs-code\LABIXIAOXIN\server\node_modules\egg-multipart\app\schedule\clean_tmpdir.js
2020-02-02 21:14:57,319 INFO 16528 [egg-schedule]: register schedule D:\Web前端\高级Nodejs（第二次\nodejs-code\LABIXIAOXIN\server\node_modules\egg-logrotator\app\schedule\clean_log.js
2020-02-02 21:14:57,319 INFO 16528 [egg-schedule]: register schedule D:\Web前端\高级Nodejs（第二次\nodejs-code\LABIXIAOXIN\server\node_modules\egg-logrotator\app\schedule\rotate_by_file.js
2020-02-02 21:15:24,638 INFO 1016 [egg-schedule]: register schedule D:\Web前端\高级Nodejs（第二次\nodejs-code\LABIXIAOXIN\server\node_modules\egg-multipart\app\schedule\clean_tmpdir.js
2020-02-02 21:15:24,638 INFO 1016 [egg-schedule]: register schedule D:\Web前端\高级Nodejs（第二次\nodejs-code\LABIXIAOXIN\server\node_modules\egg-logrotator\app\schedule\clean_log.js
2020-02-02 21:15:24,638 INFO 1016 [egg-schedule]: register schedule D:\Web前端\高级Nodejs（第二次\nodejs-code\LABIXIAOXIN\server\node_modules\egg-logrotator\app\schedule\rotate_by_file.js
2020-02-02 21:16:19,516 INFO 9716 [egg-schedule]: register schedule D:\Web前端\高级Nodejs（第二次\nodejs-code\LABIXIAOXIN\server\node_modules\egg-multipart\app\schedule\clean_tmpdir.js
2020-02-02 21:16:19,516 INFO 9716 [egg-schedule]: register schedule D:\Web前端\高级Nodejs（第二次\nodejs-code\LABIXIAOXIN\server\node_modules\egg-logrotator\app\schedule\clean_log.js
2020-02-02 21:16:19,516 INFO 9716 [egg-schedule]: register schedule D:\Web前端\高级Nodejs（第二次\nodejs-code\LABIXIAOXIN\server\node_modules\egg-logrotator\app\schedule\rotate_by_file.js
2020-02-02 21:16:28,220 INFO 13504 [egg-schedule]: register schedule D:\Web前端\高级Nodejs（第二次\nodejs-code\LABIXIAOXIN\server\node_modules\egg-multipart\app\schedule\clean_tmpdir.js
2020-02-02 21:16:28,220 INFO 13504 [egg-schedule]: register schedule D:\Web前端\高级Nodejs（第二次\nodejs-code\LABIXIAOXIN\server\node_modules\egg-logrotator\app\schedule\clean_log.js
2020-02-02 21:16:28,220 INFO 13504 [egg-schedule]: register schedule D:\Web前端\高级Nodejs（第二次\nodejs-code\LABIXIAOXIN\server\node_modules\egg-logrotator\app\schedule\rotate_by_file.js
2020-02-02 21:22:17,898 INFO 11816 [egg-schedule]: register schedule D:\Web前端\高级Nodejs（第二次\nodejs-code\LABIXIAOXIN\server\node_modules\egg-multipart\app\schedule\clean_tmpdir.js
2020-02-02 21:22:17,898 INFO 11816 [egg-schedule]: register schedule D:\Web前端\高级Nodejs（第二次\nodejs-code\LABIXIAOXIN\server\node_modules\egg-logrotator\app\schedule\clean_log.js
2020-02-02 21:22:17,898 INFO 11816 [egg-schedule]: register schedule D:\Web前端\高级Nodejs（第二次\nodejs-code\LABIXIAOXIN\server\node_modules\egg-logrotator\app\schedule\rotate_by_file.js
2020-02-02 21:22:31,272 INFO 14496 [egg-schedule]: register schedule D:\Web前端\高级Nodejs（第二次\nodejs-code\LABIXIAOXIN\server\node_modules\egg-multipart\app\schedule\clean_tmpdir.js
2020-02-02 21:22:31,272 INFO 14496 [egg-schedule]: register schedule D:\Web前端\高级Nodejs（第二次\nodejs-code\LABIXIAOXIN\server\node_modules\egg-logrotator\app\schedule\clean_log.js
2020-02-02 21:22:31,272 INFO 14496 [egg-schedule]: register schedule D:\Web前端\高级Nodejs（第二次\nodejs-code\LABIXIAOXIN\server\node_modules\egg-logrotator\app\schedule\rotate_by_file.js
2020-02-02 21:22:51,615 INFO 9284 [egg-schedule]: register schedule D:\Web前端\高级Nodejs（第二次\nodejs-code\LABIXIAOXIN\server\node_modules\egg-multipart\app\schedule\clean_tmpdir.js
2020-02-02 21:22:51,615 INFO 9284 [egg-schedule]: register schedule D:\Web前端\高级Nodejs（第二次\nodejs-code\LABIXIAOXIN\server\node_modules\egg-logrotator\app\schedule\clean_log.js
2020-02-02 21:22:51,615 INFO 9284 [egg-schedule]: register schedule D:\Web前端\高级Nodejs（第二次\nodejs-code\LABIXIAOXIN\server\node_modules\egg-logrotator\app\schedule\rotate_by_file.js
2020-02-02 21:24:06,493 INFO 11276 [egg-schedule]: register schedule D:\Web前端\高级Nodejs（第二次\nodejs-code\LABIXIAOXIN\server\node_modules\egg-multipart\app\schedule\clean_tmpdir.js
2020-02-02 21:24:06,493 INFO 11276 [egg-schedule]: register schedule D:\Web前端\高级Nodejs（第二次\nodejs-code\LABIXIAOXIN\server\node_modules\egg-logrotator\app\schedule\clean_log.js
2020-02-02 21:24:06,493 INFO 11276 [egg-schedule]: register schedule D:\Web前端\高级Nodejs（第二次\nodejs-code\LABIXIAOXIN\server\node_modules\egg-logrotator\app\schedule\rotate_by_file.js
2020-02-02 21:24:07,632 INFO 1392 [egg-schedule]: register schedule D:\Web前端\高级Nodejs（第二次\nodejs-code\LABIXIAOXIN\server\node_modules\egg-multipart\app\schedule\clean_tmpdir.js
2020-02-02 21:24:07,632 INFO 1392 [egg-schedule]: register schedule D:\Web前端\高级Nodejs（第二次\nodejs-code\LABIXIAOXIN\server\node_modules\egg-logrotator\app\schedule\clean_log.js
2020-02-02 21:24:07,632 INFO 1392 [egg-schedule]: register schedule D:\Web前端\高级Nodejs（第二次\nodejs-code\LABIXIAOXIN\server\node_modules\egg-logrotator\app\schedule\rotate_by_file.js
2020-02-02 21:24:31,144 INFO 5240 [egg-schedule]: register schedule D:\Web前端\高级Nodejs（第二次\nodejs-code\LABIXIAOXIN\server\node_modules\egg-multipart\app\schedule\clean_tmpdir.js
2020-02-02 21:24:31,144 INFO 5240 [egg-schedule]: register schedule D:\Web前端\高级Nodejs（第二次\nodejs-code\LABIXIAOXIN\server\node_modules\egg-logrotator\app\schedule\clean_log.js
2020-02-02 21:24:31,144 INFO 5240 [egg-schedule]: register schedule D:\Web前端\高级Nodejs（第二次\nodejs-code\LABIXIAOXIN\server\node_modules\egg-logrotator\app\schedule\rotate_by_file.js
2020-02-02 21:24:43,488 INFO 8580 [egg-schedule]: register schedule D:\Web前端\高级Nodejs（第二次\nodejs-code\LABIXIAOXIN\server\node_modules\egg-multipart\app\schedule\clean_tmpdir.js
2020-02-02 21:24:43,488 INFO 8580 [egg-schedule]: register schedule D:\Web前端\高级Nodejs（第二次\nodejs-code\LABIXIAOXIN\server\node_modules\egg-logrotator\app\schedule\clean_log.js
2020-02-02 21:24:43,488 INFO 8580 [egg-schedule]: register schedule D:\Web前端\高级Nodejs（第二次\nodejs-code\LABIXIAOXIN\server\node_modules\egg-logrotator\app\schedule\rotate_by_file.js
2020-02-02 21:25:29,421 INFO 7808 [egg-schedule]: register schedule D:\Web前端\高级Nodejs（第二次\nodejs-code\LABIXIAOXIN\server\node_modules\egg-multipart\app\schedule\clean_tmpdir.js
2020-02-02 21:25:29,421 INFO 7808 [egg-schedule]: register schedule D:\Web前端\高级Nodejs（第二次\nodejs-code\LABIXIAOXIN\server\node_modules\egg-logrotator\app\schedule\clean_log.js
2020-02-02 21:25:29,421 INFO 7808 [egg-schedule]: register schedule D:\Web前端\高级Nodejs（第二次\nodejs-code\LABIXIAOXIN\server\node_modules\egg-logrotator\app\schedule\rotate_by_file.js
2020-02-02 21:25:29,624 INFO 1240 [Timer] D:\Web前端\高级Nodejs（第二次\nodejs-code\LABIXIAOXIN\server\node_modules\egg-multipart\app\schedule\clean_tmpdir.js next time will execute after 25470378ms at 2020-02-03 04:30:00.002
2020-02-02 21:25:29,624 INFO 1240 [Timer] D:\Web前端\高级Nodejs（第二次\nodejs-code\LABIXIAOXIN\server\node_modules\egg-logrotator\app\schedule\clean_log.js next time will execute after 9270376ms at 2020-02-03 00:00:00.000
2020-02-02 21:25:29,625 INFO 1240 [Timer] D:\Web前端\高级Nodejs（第二次\nodejs-code\LABIXIAOXIN\server\node_modules\egg-logrotator\app\schedule\rotate_by_file.js next time will execute after 9271376ms at 2020-02-03 00:00:01.001
2020-02-02 21:28:03,538 INFO 16228 [egg-schedule]: register schedule D:\Web前端\高级Nodejs（第二次\nodejs-code\LABIXIAOXIN\server\node_modules\egg-multipart\app\schedule\clean_tmpdir.js
2020-02-02 21:28:03,538 INFO 16228 [egg-schedule]: register schedule D:\Web前端\高级Nodejs（第二次\nodejs-code\LABIXIAOXIN\server\node_modules\egg-logrotator\app\schedule\clean_log.js
2020-02-02 21:28:03,538 INFO 16228 [egg-schedule]: register schedule D:\Web前端\高级Nodejs（第二次\nodejs-code\LABIXIAOXIN\server\node_modules\egg-logrotator\app\schedule\rotate_by_file.js
2020-02-02 21:28:49,377 INFO 18764 [egg-schedule]: register schedule D:\Web前端\高级Nodejs（第二次\nodejs-code\LABIXIAOXIN\server\node_modules\egg-multipart\app\schedule\clean_tmpdir.js
2020-02-02 21:28:49,377 INFO 18764 [egg-schedule]: register schedule D:\Web前端\高级Nodejs（第二次\nodejs-code\LABIXIAOXIN\server\node_modules\egg-logrotator\app\schedule\clean_log.js
2020-02-02 21:28:49,377 INFO 18764 [egg-schedule]: register schedule D:\Web前端\高级Nodejs（第二次\nodejs-code\LABIXIAOXIN\server\node_modules\egg-logrotator\app\schedule\rotate_by_file.js
2020-02-02 21:29:21,470 INFO 9796 [egg-schedule]: register schedule D:\Web前端\高级Nodejs（第二次\nodejs-code\LABIXIAOXIN\server\node_modules\egg-multipart\app\schedule\clean_tmpdir.js
2020-02-02 21:29:21,470 INFO 9796 [egg-schedule]: register schedule D:\Web前端\高级Nodejs（第二次\nodejs-code\LABIXIAOXIN\server\node_modules\egg-logrotator\app\schedule\clean_log.js
2020-02-02 21:29:21,470 INFO 9796 [egg-schedule]: register schedule D:\Web前端\高级Nodejs（第二次\nodejs-code\LABIXIAOXIN\server\node_modules\egg-logrotator\app\schedule\rotate_by_file.js
2020-02-02 21:30:47,585 INFO 19176 [egg-schedule]: register schedule D:\Web前端\高级Nodejs（第二次\nodejs-code\LABIXIAOXIN\server\node_modules\egg-multipart\app\schedule\clean_tmpdir.js
2020-02-02 21:30:47,585 INFO 19176 [egg-schedule]: register schedule D:\Web前端\高级Nodejs（第二次\nodejs-code\LABIXIAOXIN\server\node_modules\egg-logrotator\app\schedule\clean_log.js
2020-02-02 21:30:47,585 INFO 19176 [egg-schedule]: register schedule D:\Web前端\高级Nodejs（第二次\nodejs-code\LABIXIAOXIN\server\node_modules\egg-logrotator\app\schedule\rotate_by_file.js
2020-02-02 21:30:48,743 INFO 19140 [egg-schedule]: register schedule D:\Web前端\高级Nodejs（第二次\nodejs-code\LABIXIAOXIN\server\node_modules\egg-multipart\app\schedule\clean_tmpdir.js
2020-02-02 21:30:48,743 INFO 19140 [egg-schedule]: register schedule D:\Web前端\高级Nodejs（第二次\nodejs-code\LABIXIAOXIN\server\node_modules\egg-logrotator\app\schedule\clean_log.js
2020-02-02 21:30:48,743 INFO 19140 [egg-schedule]: register schedule D:\Web前端\高级Nodejs（第二次\nodejs-code\LABIXIAOXIN\server\node_modules\egg-logrotator\app\schedule\rotate_by_file.js
2020-02-02 21:31:00,865 INFO 18656 [egg-schedule]: register schedule D:\Web前端\高级Nodejs（第二次\nodejs-code\LABIXIAOXIN\server\node_modules\egg-multipart\app\schedule\clean_tmpdir.js
2020-02-02 21:31:00,865 INFO 18656 [egg-schedule]: register schedule D:\Web前端\高级Nodejs（第二次\nodejs-code\LABIXIAOXIN\server\node_modules\egg-logrotator\app\schedule\clean_log.js
2020-02-02 21:31:00,865 INFO 18656 [egg-schedule]: register schedule D:\Web前端\高级Nodejs（第二次\nodejs-code\LABIXIAOXIN\server\node_modules\egg-logrotator\app\schedule\rotate_by_file.js
2020-02-02 21:31:18,211 INFO 19228 [egg-schedule]: register schedule D:\Web前端\高级Nodejs（第二次\nodejs-code\LABIXIAOXIN\server\node_modules\egg-multipart\app\schedule\clean_tmpdir.js
2020-02-02 21:31:18,211 INFO 19228 [egg-schedule]: register schedule D:\Web前端\高级Nodejs（第二次\nodejs-code\LABIXIAOXIN\server\node_modules\egg-logrotator\app\schedule\clean_log.js
2020-02-02 21:31:18,211 INFO 19228 [egg-schedule]: register schedule D:\Web前端\高级Nodejs（第二次\nodejs-code\LABIXIAOXIN\server\node_modules\egg-logrotator\app\schedule\rotate_by_file.js
2020-02-02 21:31:25,896 INFO 5384 [egg-schedule]: register schedule D:\Web前端\高级Nodejs（第二次\nodejs-code\LABIXIAOXIN\server\node_modules\egg-multipart\app\schedule\clean_tmpdir.js
2020-02-02 21:31:25,896 INFO 5384 [egg-schedule]: register schedule D:\Web前端\高级Nodejs（第二次\nodejs-code\LABIXIAOXIN\server\node_modules\egg-logrotator\app\schedule\clean_log.js
2020-02-02 21:31:25,896 INFO 5384 [egg-schedule]: register schedule D:\Web前端\高级Nodejs（第二次\nodejs-code\LABIXIAOXIN\server\node_modules\egg-logrotator\app\schedule\rotate_by_file.js
2020-02-02 21:31:48,783 INFO 8284 [egg-schedule]: register schedule D:\Web前端\高级Nodejs（第二次\nodejs-code\LABIXIAOXIN\server\node_modules\egg-multipart\app\schedule\clean_tmpdir.js
2020-02-02 21:31:48,783 INFO 8284 [egg-schedule]: register schedule D:\Web前端\高级Nodejs（第二次\nodejs-code\LABIXIAOXIN\server\node_modules\egg-logrotator\app\schedule\clean_log.js
2020-02-02 21:31:48,783 INFO 8284 [egg-schedule]: register schedule D:\Web前端\高级Nodejs（第二次\nodejs-code\LABIXIAOXIN\server\node_modules\egg-logrotator\app\schedule\rotate_by_file.js
2020-02-02 21:34:07,025 INFO 14760 [egg-schedule]: register schedule D:\Web前端\高级Nodejs（第二次\nodejs-code\LABIXIAOXIN\server\node_modules\egg-multipart\app\schedule\clean_tmpdir.js
2020-02-02 21:34:07,025 INFO 14760 [egg-schedule]: register schedule D:\Web前端\高级Nodejs（第二次\nodejs-code\LABIXIAOXIN\server\node_modules\egg-logrotator\app\schedule\clean_log.js
2020-02-02 21:34:07,025 INFO 14760 [egg-schedule]: register schedule D:\Web前端\高级Nodejs（第二次\nodejs-code\LABIXIAOXIN\server\node_modules\egg-logrotator\app\schedule\rotate_by_file.js
2020-02-02 21:34:53,716 INFO 7760 [egg-schedule]: register schedule D:\Web前端\高级Nodejs（第二次\nodejs-code\LABIXIAOXIN\server\node_modules\egg-multipart\app\schedule\clean_tmpdir.js
2020-02-02 21:34:53,716 INFO 7760 [egg-schedule]: register schedule D:\Web前端\高级Nodejs（第二次\nodejs-code\LABIXIAOXIN\server\node_modules\egg-logrotator\app\schedule\clean_log.js
2020-02-02 21:34:53,716 INFO 7760 [egg-schedule]: register schedule D:\Web前端\高级Nodejs（第二次\nodejs-code\LABIXIAOXIN\server\node_modules\egg-logrotator\app\schedule\rotate_by_file.js
2020-02-02 21:36:31,445 INFO 9588 [egg-schedule]: register schedule D:\Web前端\高级Nodejs（第二次\nodejs-code\LABIXIAOXIN\server\node_modules\egg-multipart\app\schedule\clean_tmpdir.js
2020-02-02 21:36:31,445 INFO 9588 [egg-schedule]: register schedule D:\Web前端\高级Nodejs（第二次\nodejs-code\LABIXIAOXIN\server\node_modules\egg-logrotator\app\schedule\clean_log.js
2020-02-02 21:36:31,445 INFO 9588 [egg-schedule]: register schedule D:\Web前端\高级Nodejs（第二次\nodejs-code\LABIXIAOXIN\server\node_modules\egg-logrotator\app\schedule\rotate_by_file.js
2020-02-02 21:36:32,568 INFO 18400 [egg-schedule]: register schedule D:\Web前端\高级Nodejs（第二次\nodejs-code\LABIXIAOXIN\server\node_modules\egg-multipart\app\schedule\clean_tmpdir.js
2020-02-02 21:36:32,568 INFO 18400 [egg-schedule]: register schedule D:\Web前端\高级Nodejs（第二次\nodejs-code\LABIXIAOXIN\server\node_modules\egg-logrotator\app\schedule\clean_log.js
2020-02-02 21:36:32,568 INFO 18400 [egg-schedule]: register schedule D:\Web前端\高级Nodejs（第二次\nodejs-code\LABIXIAOXIN\server\node_modules\egg-logrotator\app\schedule\rotate_by_file.js
2020-02-02 21:36:51,136 INFO 4812 [egg-schedule]: register schedule D:\Web前端\高级Nodejs（第二次\nodejs-code\LABIXIAOXIN\server\node_modules\egg-multipart\app\schedule\clean_tmpdir.js
2020-02-02 21:36:51,136 INFO 4812 [egg-schedule]: register schedule D:\Web前端\高级Nodejs（第二次\nodejs-code\LABIXIAOXIN\server\node_modules\egg-logrotator\app\schedule\clean_log.js
2020-02-02 21:36:51,136 INFO 4812 [egg-schedule]: register schedule D:\Web前端\高级Nodejs（第二次\nodejs-code\LABIXIAOXIN\server\node_modules\egg-logrotator\app\schedule\rotate_by_file.js
2020-02-02 21:36:56,841 INFO 19156 [egg-schedule]: register schedule D:\Web前端\高级Nodejs（第二次\nodejs-code\LABIXIAOXIN\server\node_modules\egg-multipart\app\schedule\clean_tmpdir.js
2020-02-02 21:36:56,841 INFO 19156 [egg-schedule]: register schedule D:\Web前端\高级Nodejs（第二次\nodejs-code\LABIXIAOXIN\server\node_modules\egg-logrotator\app\schedule\clean_log.js
2020-02-02 21:36:56,841 INFO 19156 [egg-schedule]: register schedule D:\Web前端\高级Nodejs（第二次\nodejs-code\LABIXIAOXIN\server\node_modules\egg-logrotator\app\schedule\rotate_by_file.js
2020-02-02 21:37:39,949 INFO 5756 [egg-schedule]: register schedule D:\Web前端\高级Nodejs（第二次\nodejs-code\LABIXIAOXIN\server\node_modules\egg-multipart\app\schedule\clean_tmpdir.js
2020-02-02 21:37:39,949 INFO 5756 [egg-schedule]: register schedule D:\Web前端\高级Nodejs（第二次\nodejs-code\LABIXIAOXIN\server\node_modules\egg-logrotator\app\schedule\clean_log.js
2020-02-02 21:37:39,949 INFO 5756 [egg-schedule]: register schedule D:\Web前端\高级Nodejs（第二次\nodejs-code\LABIXIAOXIN\server\node_modules\egg-logrotator\app\schedule\rotate_by_file.js
2020-02-02 21:38:32,727 INFO 19000 [egg-schedule]: register schedule D:\Web前端\高级Nodejs（第二次\nodejs-code\LABIXIAOXIN\server\node_modules\egg-multipart\app\schedule\clean_tmpdir.js
2020-02-02 21:38:32,727 INFO 19000 [egg-schedule]: register schedule D:\Web前端\高级Nodejs（第二次\nodejs-code\LABIXIAOXIN\server\node_modules\egg-logrotator\app\schedule\clean_log.js
2020-02-02 21:38:32,727 INFO 19000 [egg-schedule]: register schedule D:\Web前端\高级Nodejs（第二次\nodejs-code\LABIXIAOXIN\server\node_modules\egg-logrotator\app\schedule\rotate_by_file.js
2020-02-02 21:39:05,315 INFO 1364 [egg-schedule]: register schedule D:\Web前端\高级Nodejs（第二次\nodejs-code\LABIXIAOXIN\server\node_modules\egg-multipart\app\schedule\clean_tmpdir.js
2020-02-02 21:39:05,315 INFO 1364 [egg-schedule]: register schedule D:\Web前端\高级Nodejs（第二次\nodejs-code\LABIXIAOXIN\server\node_modules\egg-logrotator\app\schedule\clean_log.js
2020-02-02 21:39:05,315 INFO 1364 [egg-schedule]: register schedule D:\Web前端\高级Nodejs（第二次\nodejs-code\LABIXIAOXIN\server\node_modules\egg-logrotator\app\schedule\rotate_by_file.js
2020-02-02 21:39:14,719 INFO 18580 [egg-schedule]: register schedule D:\Web前端\高级Nodejs（第二次\nodejs-code\LABIXIAOXIN\server\node_modules\egg-multipart\app\schedule\clean_tmpdir.js
2020-02-02 21:39:14,719 INFO 18580 [egg-schedule]: register schedule D:\Web前端\高级Nodejs（第二次\nodejs-code\LABIXIAOXIN\server\node_modules\egg-logrotator\app\schedule\clean_log.js
2020-02-02 21:39:14,719 INFO 18580 [egg-schedule]: register schedule D:\Web前端\高级Nodejs（第二次\nodejs-code\LABIXIAOXIN\server\node_modules\egg-logrotator\app\schedule\rotate_by_file.js
2020-02-02 21:39:42,443 INFO 9912 [egg-schedule]: register schedule D:\Web前端\高级Nodejs（第二次\nodejs-code\LABIXIAOXIN\server\node_modules\egg-multipart\app\schedule\clean_tmpdir.js
2020-02-02 21:39:42,444 INFO 9912 [egg-schedule]: register schedule D:\Web前端\高级Nodejs（第二次\nodejs-code\LABIXIAOXIN\server\node_modules\egg-logrotator\app\schedule\clean_log.js
2020-02-02 21:39:42,444 INFO 9912 [egg-schedule]: register schedule D:\Web前端\高级Nodejs（第二次\nodejs-code\LABIXIAOXIN\server\node_modules\egg-logrotator\app\schedule\rotate_by_file.js
2020-02-02 21:39:54,636 INFO 8564 [egg-schedule]: register schedule D:\Web前端\高级Nodejs（第二次\nodejs-code\LABIXIAOXIN\server\node_modules\egg-multipart\app\schedule\clean_tmpdir.js
2020-02-02 21:39:54,636 INFO 8564 [egg-schedule]: register schedule D:\Web前端\高级Nodejs（第二次\nodejs-code\LABIXIAOXIN\server\node_modules\egg-logrotator\app\schedule\clean_log.js
2020-02-02 21:39:54,636 INFO 8564 [egg-schedule]: register schedule D:\Web前端\高级Nodejs（第二次\nodejs-code\LABIXIAOXIN\server\node_modules\egg-logrotator\app\schedule\rotate_by_file.js
2020-02-02 21:40:30,950 INFO 1320 [egg-schedule]: register schedule D:\Web前端\高级Nodejs（第二次\nodejs-code\LABIXIAOXIN\server\node_modules\egg-multipart\app\schedule\clean_tmpdir.js
2020-02-02 21:40:30,950 INFO 1320 [egg-schedule]: register schedule D:\Web前端\高级Nodejs（第二次\nodejs-code\LABIXIAOXIN\server\node_modules\egg-logrotator\app\schedule\clean_log.js
2020-02-02 21:40:30,950 INFO 1320 [egg-schedule]: register schedule D:\Web前端\高级Nodejs（第二次\nodejs-code\LABIXIAOXIN\server\node_modules\egg-logrotator\app\schedule\rotate_by_file.js
2020-02-02 21:40:43,761 INFO 14924 [egg-schedule]: register schedule D:\Web前端\高级Nodejs（第二次\nodejs-code\LABIXIAOXIN\server\node_modules\egg-multipart\app\schedule\clean_tmpdir.js
2020-02-02 21:40:43,761 INFO 14924 [egg-schedule]: register schedule D:\Web前端\高级Nodejs（第二次\nodejs-code\LABIXIAOXIN\server\node_modules\egg-logrotator\app\schedule\clean_log.js
2020-02-02 21:40:43,761 INFO 14924 [egg-schedule]: register schedule D:\Web前端\高级Nodejs（第二次\nodejs-code\LABIXIAOXIN\server\node_modules\egg-logrotator\app\schedule\rotate_by_file.js
2020-02-02 21:41:07,691 INFO 2572 [egg-schedule]: register schedule D:\Web前端\高级Nodejs（第二次\nodejs-code\LABIXIAOXIN\server\node_modules\egg-multipart\app\schedule\clean_tmpdir.js
2020-02-02 21:41:07,691 INFO 2572 [egg-schedule]: register schedule D:\Web前端\高级Nodejs（第二次\nodejs-code\LABIXIAOXIN\server\node_modules\egg-logrotator\app\schedule\clean_log.js
2020-02-02 21:41:07,691 INFO 2572 [egg-schedule]: register schedule D:\Web前端\高级Nodejs（第二次\nodejs-code\LABIXIAOXIN\server\node_modules\egg-logrotator\app\schedule\rotate_by_file.js
2020-02-02 21:41:51,158 INFO 18720 [egg-schedule]: register schedule D:\Web前端\高级Nodejs（第二次\nodejs-code\LABIXIAOXIN\server\node_modules\egg-multipart\app\schedule\clean_tmpdir.js
2020-02-02 21:41:51,158 INFO 18720 [egg-schedule]: register schedule D:\Web前端\高级Nodejs（第二次\nodejs-code\LABIXIAOXIN\server\node_modules\egg-logrotator\app\schedule\clean_log.js
2020-02-02 21:41:51,158 INFO 18720 [egg-schedule]: register schedule D:\Web前端\高级Nodejs（第二次\nodejs-code\LABIXIAOXIN\server\node_modules\egg-logrotator\app\schedule\rotate_by_file.js
2020-02-02 21:42:46,131 INFO 7180 [Timer] D:\Web前端\高级Nodejs（第二次\nodejs-code\LABIXIAOXIN\server\node_modules\egg-multipart\app\schedule\clean_tmpdir.js next time will execute after 24433871ms at 2020-02-03 04:30:00.002
2020-02-02 21:42:46,131 INFO 7180 [Timer] D:\Web前端\高级Nodejs（第二次\nodejs-code\LABIXIAOXIN\server\node_modules\egg-logrotator\app\schedule\clean_log.js next time will execute after 8233869ms at 2020-02-03 00:00:00.000
2020-02-02 21:42:46,131 INFO 7180 [Timer] D:\Web前端\高级Nodejs（第二次\nodejs-code\LABIXIAOXIN\server\node_modules\egg-logrotator\app\schedule\rotate_by_file.js next time will execute after 8234869ms at 2020-02-03 00:00:01.000
2020-02-02 21:42:45,927 INFO 18692 [egg-schedule]: register schedule D:\Web前端\高级Nodejs（第二次\nodejs-code\LABIXIAOXIN\server\node_modules\egg-multipart\app\schedule\clean_tmpdir.js
2020-02-02 21:42:45,927 INFO 18692 [egg-schedule]: register schedule D:\Web前端\高级Nodejs（第二次\nodejs-code\LABIXIAOXIN\server\node_modules\egg-logrotator\app\schedule\clean_log.js
2020-02-02 21:42:45,927 INFO 18692 [egg-schedule]: register schedule D:\Web前端\高级Nodejs（第二次\nodejs-code\LABIXIAOXIN\server\node_modules\egg-logrotator\app\schedule\rotate_by_file.js
2020-02-02 21:49:25,144 INFO 16232 [egg-schedule]: register schedule D:\Web前端\高级Nodejs（第二次\nodejs-code\LABIXIAOXIN\server\node_modules\egg-multipart\app\schedule\clean_tmpdir.js
2020-02-02 21:49:25,144 INFO 16232 [egg-schedule]: register schedule D:\Web前端\高级Nodejs（第二次\nodejs-code\LABIXIAOXIN\server\node_modules\egg-logrotator\app\schedule\clean_log.js
2020-02-02 21:49:25,144 INFO 16232 [egg-schedule]: register schedule D:\Web前端\高级Nodejs（第二次\nodejs-code\LABIXIAOXIN\server\node_modules\egg-logrotator\app\schedule\rotate_by_file.js
2020-02-02 21:49:57,094 INFO 13584 [egg-schedule]: register schedule D:\Web前端\高级Nodejs（第二次\nodejs-code\LABIXIAOXIN\server\node_modules\egg-multipart\app\schedule\clean_tmpdir.js
2020-02-02 21:49:57,094 INFO 13584 [egg-schedule]: register schedule D:\Web前端\高级Nodejs（第二次\nodejs-code\LABIXIAOXIN\server\node_modules\egg-logrotator\app\schedule\clean_log.js
2020-02-02 21:49:57,094 INFO 13584 [egg-schedule]: register schedule D:\Web前端\高级Nodejs（第二次\nodejs-code\LABIXIAOXIN\server\node_modules\egg-logrotator\app\schedule\rotate_by_file.js
2020-02-02 21:50:02,278 INFO 1404 [egg-schedule]: register schedule D:\Web前端\高级Nodejs（第二次\nodejs-code\LABIXIAOXIN\server\node_modules\egg-multipart\app\schedule\clean_tmpdir.js
2020-02-02 21:50:02,278 INFO 1404 [egg-schedule]: register schedule D:\Web前端\高级Nodejs（第二次\nodejs-code\LABIXIAOXIN\server\node_modules\egg-logrotator\app\schedule\clean_log.js
2020-02-02 21:50:02,278 INFO 1404 [egg-schedule]: register schedule D:\Web前端\高级Nodejs（第二次\nodejs-code\LABIXIAOXIN\server\node_modules\egg-logrotator\app\schedule\rotate_by_file.js
2020-02-02 21:51:19,459 INFO 6544 [egg-schedule]: register schedule D:\Web前端\高级Nodejs（第二次\nodejs-code\LABIXIAOXIN\server\node_modules\egg-multipart\app\schedule\clean_tmpdir.js
2020-02-02 21:51:19,459 INFO 6544 [egg-schedule]: register schedule D:\Web前端\高级Nodejs（第二次\nodejs-code\LABIXIAOXIN\server\node_modules\egg-logrotator\app\schedule\clean_log.js
2020-02-02 21:51:19,459 INFO 6544 [egg-schedule]: register schedule D:\Web前端\高级Nodejs（第二次\nodejs-code\LABIXIAOXIN\server\node_modules\egg-logrotator\app\schedule\rotate_by_file.js
2020-02-02 21:52:14,303 INFO 18688 [egg-schedule]: register schedule D:\Web前端\高级Nodejs（第二次\nodejs-code\LABIXIAOXIN\server\node_modules\egg-multipart\app\schedule\clean_tmpdir.js
2020-02-02 21:52:14,303 INFO 18688 [egg-schedule]: register schedule D:\Web前端\高级Nodejs（第二次\nodejs-code\LABIXIAOXIN\server\node_modules\egg-logrotator\app\schedule\clean_log.js
2020-02-02 21:52:14,303 INFO 18688 [egg-schedule]: register schedule D:\Web前端\高级Nodejs（第二次\nodejs-code\LABIXIAOXIN\server\node_modules\egg-logrotator\app\schedule\rotate_by_file.js
2020-02-02 21:52:35,983 INFO 15844 [egg-schedule]: register schedule D:\Web前端\高级Nodejs（第二次\nodejs-code\LABIXIAOXIN\server\node_modules\egg-multipart\app\schedule\clean_tmpdir.js
2020-02-02 21:52:35,983 INFO 15844 [egg-schedule]: register schedule D:\Web前端\高级Nodejs（第二次\nodejs-code\LABIXIAOXIN\server\node_modules\egg-logrotator\app\schedule\clean_log.js
2020-02-02 21:52:35,983 INFO 15844 [egg-schedule]: register schedule D:\Web前端\高级Nodejs（第二次\nodejs-code\LABIXIAOXIN\server\node_modules\egg-logrotator\app\schedule\rotate_by_file.js
